{"/Users/joshcordero/Code/Misc/typescript_testing/dist/__test__/server.js": {"path":"/Users/joshcordero/Code/Misc/typescript_testing/dist/__test__/server.js","statementMap":{"0":{"start":{"line":5,"column":22},"end":{"line":7,"column":1}},"1":{"start":{"line":6,"column":4},"end":{"line":6,"column":62}},"2":{"start":{"line":8,"column":0},"end":{"line":8,"column":62}},"3":{"start":{"line":9,"column":18},"end":{"line":9,"column":53}},"4":{"start":{"line":10,"column":17},"end":{"line":10,"column":51}},"5":{"start":{"line":11,"column":0},"end":{"line":11,"column":34}},"6":{"start":{"line":13,"column":0},"end":{"line":13,"column":26}},"7":{"start":{"line":14,"column":16},"end":{"line":14,"column":59}},"8":{"start":{"line":15,"column":15},"end":{"line":15,"column":57}},"9":{"start":{"line":16,"column":18},"end":{"line":16,"column":63}},"10":{"start":{"line":18,"column":16},"end":{"line":18,"column":40}},"11":{"start":{"line":19,"column":4},"end":{"line":19,"column":48}},"12":{"start":{"line":20,"column":4},"end":{"line":20,"column":38}},"13":{"start":{"line":22,"column":4},"end":{"line":22,"column":36}},"14":{"start":{"line":23,"column":4},"end":{"line":23,"column":37}},"15":{"start":{"line":24,"column":4},"end":{"line":24,"column":39}},"16":{"start":{"line":25,"column":4},"end":{"line":27,"column":7}},"17":{"start":{"line":26,"column":8},"end":{"line":26,"column":53}},"18":{"start":{"line":28,"column":4},"end":{"line":30,"column":7}},"19":{"start":{"line":29,"column":8},"end":{"line":29,"column":53}},"20":{"start":{"line":31,"column":4},"end":{"line":31,"column":15}},"21":{"start":{"line":33,"column":0},"end":{"line":33,"column":31}}},"fnMap":{"0":{"name":"(anonymous_0)","decl":{"start":{"line":5,"column":56},"end":{"line":5,"column":57}},"loc":{"start":{"line":5,"column":71},"end":{"line":7,"column":1}},"line":5},"1":{"name":"createServer","decl":{"start":{"line":17,"column":9},"end":{"line":17,"column":21}},"loc":{"start":{"line":17,"column":24},"end":{"line":32,"column":1}},"line":17},"2":{"name":"(anonymous_2)","decl":{"start":{"line":25,"column":12},"end":{"line":25,"column":13}},"loc":{"start":{"line":25,"column":32},"end":{"line":27,"column":5}},"line":25},"3":{"name":"(anonymous_3)","decl":{"start":{"line":28,"column":12},"end":{"line":28,"column":13}},"loc":{"start":{"line":28,"column":37},"end":{"line":30,"column":5}},"line":28}},"branchMap":{"0":{"loc":{"start":{"line":5,"column":22},"end":{"line":7,"column":1}},"type":"binary-expr","locations":[{"start":{"line":5,"column":23},"end":{"line":5,"column":27}},{"start":{"line":5,"column":31},"end":{"line":5,"column":51}},{"start":{"line":5,"column":56},"end":{"line":7,"column":1}}],"line":5},"1":{"loc":{"start":{"line":6,"column":11},"end":{"line":6,"column":61}},"type":"cond-expr","locations":[{"start":{"line":6,"column":37},"end":{"line":6,"column":40}},{"start":{"line":6,"column":43},"end":{"line":6,"column":61}}],"line":6},"2":{"loc":{"start":{"line":6,"column":12},"end":{"line":6,"column":33}},"type":"binary-expr","locations":[{"start":{"line":6,"column":12},"end":{"line":6,"column":15}},{"start":{"line":6,"column":19},"end":{"line":6,"column":33}}],"line":6}},"s":{"0":1,"1":5,"2":1,"3":1,"4":1,"5":1,"6":1,"7":1,"8":1,"9":1,"10":1,"11":1,"12":1,"13":1,"14":1,"15":1,"16":1,"17":0,"18":1,"19":0,"20":1,"21":1},"f":{"0":5,"1":1,"2":0,"3":0},"b":{"0":[1,1,1],"1":[3,2],"2":[5,5]},"inputSourceMap":null,"_coverageSchema":"1a1c01bbd47fc00a2c39e90264f33305004495a9","hash":"07787000fa5ccfe139f14c4444fe4583a3ea930c"}
,"/Users/joshcordero/Code/Misc/typescript_testing/dist/__test__/model_data/user_examples.js": {"path":"/Users/joshcordero/Code/Misc/typescript_testing/dist/__test__/model_data/user_examples.js","statementMap":{"0":{"start":{"line":5,"column":0},"end":{"line":5,"column":62}},"1":{"start":{"line":6,"column":0},"end":{"line":6,"column":70}},"2":{"start":{"line":7,"column":19},"end":{"line":14,"column":1}},"3":{"start":{"line":15,"column":0},"end":{"line":15,"column":32}},"4":{"start":{"line":16,"column":19},"end":{"line":23,"column":1}},"5":{"start":{"line":24,"column":0},"end":{"line":24,"column":32}},"6":{"start":{"line":25,"column":19},"end":{"line":32,"column":1}},"7":{"start":{"line":33,"column":0},"end":{"line":33,"column":32}}},"fnMap":{},"branchMap":{},"s":{"0":1,"1":1,"2":1,"3":1,"4":1,"5":1,"6":1,"7":1},"f":{},"b":{},"inputSourceMap":null,"_coverageSchema":"1a1c01bbd47fc00a2c39e90264f33305004495a9","hash":"b503463af2c346f2e2e1e1e21a8e5f56eea90378"}
,"/Users/joshcordero/Code/Misc/typescript_testing/dist/helpers/encryption.js": {"path":"/Users/joshcordero/Code/Misc/typescript_testing/dist/helpers/encryption.js","statementMap":{"0":{"start":{"line":5,"column":22},"end":{"line":15,"column":3}},"1":{"start":{"line":6,"column":4},"end":{"line":6,"column":33}},"2":{"start":{"line":6,"column":26},"end":{"line":6,"column":33}},"3":{"start":{"line":7,"column":15},"end":{"line":7,"column":52}},"4":{"start":{"line":8,"column":4},"end":{"line":10,"column":5}},"5":{"start":{"line":9,"column":6},"end":{"line":9,"column":68}},"6":{"start":{"line":9,"column":51},"end":{"line":9,"column":63}},"7":{"start":{"line":11,"column":4},"end":{"line":11,"column":39}},"8":{"start":{"line":13,"column":4},"end":{"line":13,"column":33}},"9":{"start":{"line":13,"column":26},"end":{"line":13,"column":33}},"10":{"start":{"line":14,"column":4},"end":{"line":14,"column":17}},"11":{"start":{"line":16,"column":25},"end":{"line":20,"column":2}},"12":{"start":{"line":17,"column":4},"end":{"line":17,"column":72}},"13":{"start":{"line":19,"column":4},"end":{"line":19,"column":21}},"14":{"start":{"line":21,"column":19},"end":{"line":27,"column":1}},"15":{"start":{"line":22,"column":4},"end":{"line":22,"column":42}},"16":{"start":{"line":22,"column":31},"end":{"line":22,"column":42}},"17":{"start":{"line":23,"column":17},"end":{"line":23,"column":19}},"18":{"start":{"line":24,"column":4},"end":{"line":24,"column":141}},"19":{"start":{"line":24,"column":21},"end":{"line":24,"column":141}},"20":{"start":{"line":24,"column":40},"end":{"line":24,"column":141}},"21":{"start":{"line":24,"column":109},"end":{"line":24,"column":141}},"22":{"start":{"line":25,"column":4},"end":{"line":25,"column":36}},"23":{"start":{"line":26,"column":4},"end":{"line":26,"column":18}},"24":{"start":{"line":28,"column":22},"end":{"line":30,"column":1}},"25":{"start":{"line":29,"column":4},"end":{"line":29,"column":62}},"26":{"start":{"line":31,"column":0},"end":{"line":31,"column":62}},"27":{"start":{"line":32,"column":0},"end":{"line":32,"column":87}},"28":{"start":{"line":33,"column":17},"end":{"line":33,"column":51}},"29":{"start":{"line":34,"column":12},"end":{"line":34,"column":49}},"30":{"start":{"line":36,"column":4},"end":{"line":36,"column":87}},"31":{"start":{"line":38,"column":0},"end":{"line":38,"column":42}},"32":{"start":{"line":41,"column":4},"end":{"line":41,"column":76}},"33":{"start":{"line":43,"column":0},"end":{"line":43,"column":38}},"34":{"start":{"line":46,"column":4},"end":{"line":46,"column":77}},"35":{"start":{"line":48,"column":0},"end":{"line":48,"column":50}}},"fnMap":{"0":{"name":"(anonymous_0)","decl":{"start":{"line":5,"column":74},"end":{"line":5,"column":75}},"loc":{"start":{"line":5,"column":96},"end":{"line":12,"column":1}},"line":5},"1":{"name":"(anonymous_1)","decl":{"start":{"line":9,"column":38},"end":{"line":9,"column":39}},"loc":{"start":{"line":9,"column":49},"end":{"line":9,"column":65}},"line":9},"2":{"name":"(anonymous_2)","decl":{"start":{"line":12,"column":6},"end":{"line":12,"column":7}},"loc":{"start":{"line":12,"column":28},"end":{"line":15,"column":1}},"line":12},"3":{"name":"(anonymous_3)","decl":{"start":{"line":16,"column":80},"end":{"line":16,"column":81}},"loc":{"start":{"line":16,"column":95},"end":{"line":18,"column":1}},"line":16},"4":{"name":"(anonymous_4)","decl":{"start":{"line":18,"column":5},"end":{"line":18,"column":6}},"loc":{"start":{"line":18,"column":20},"end":{"line":20,"column":1}},"line":18},"5":{"name":"(anonymous_5)","decl":{"start":{"line":21,"column":50},"end":{"line":21,"column":51}},"loc":{"start":{"line":21,"column":65},"end":{"line":27,"column":1}},"line":21},"6":{"name":"(anonymous_6)","decl":{"start":{"line":28,"column":56},"end":{"line":28,"column":57}},"loc":{"start":{"line":28,"column":71},"end":{"line":30,"column":1}},"line":28},"7":{"name":"encryptPassword","decl":{"start":{"line":35,"column":15},"end":{"line":35,"column":30}},"loc":{"start":{"line":35,"column":41},"end":{"line":37,"column":1}},"line":35},"8":{"name":"checkPassword","decl":{"start":{"line":40,"column":15},"end":{"line":40,"column":28}},"loc":{"start":{"line":40,"column":63},"end":{"line":42,"column":1}},"line":40},"9":{"name":"generateAccessToken","decl":{"start":{"line":45,"column":9},"end":{"line":45,"column":28}},"loc":{"start":{"line":45,"column":38},"end":{"line":47,"column":1}},"line":45}},"branchMap":{"0":{"loc":{"start":{"line":5,"column":22},"end":{"line":15,"column":3}},"type":"binary-expr","locations":[{"start":{"line":5,"column":23},"end":{"line":5,"column":27}},{"start":{"line":5,"column":31},"end":{"line":5,"column":51}},{"start":{"line":5,"column":57},"end":{"line":15,"column":2}}],"line":5},"1":{"loc":{"start":{"line":5,"column":57},"end":{"line":15,"column":2}},"type":"cond-expr","locations":[{"start":{"line":5,"column":74},"end":{"line":12,"column":1}},{"start":{"line":12,"column":6},"end":{"line":15,"column":1}}],"line":5},"2":{"loc":{"start":{"line":6,"column":4},"end":{"line":6,"column":33}},"type":"if","locations":[{"start":{"line":6,"column":4},"end":{"line":6,"column":33}},{"start":{},"end":{}}],"line":6},"3":{"loc":{"start":{"line":8,"column":4},"end":{"line":10,"column":5}},"type":"if","locations":[{"start":{"line":8,"column":4},"end":{"line":10,"column":5}},{"start":{},"end":{}}],"line":8},"4":{"loc":{"start":{"line":8,"column":8},"end":{"line":8,"column":85}},"type":"binary-expr","locations":[{"start":{"line":8,"column":8},"end":{"line":8,"column":13}},{"start":{"line":8,"column":18},"end":{"line":8,"column":84}}],"line":8},"5":{"loc":{"start":{"line":8,"column":18},"end":{"line":8,"column":84}},"type":"cond-expr","locations":[{"start":{"line":8,"column":34},"end":{"line":8,"column":47}},{"start":{"line":8,"column":50},"end":{"line":8,"column":84}}],"line":8},"6":{"loc":{"start":{"line":8,"column":50},"end":{"line":8,"column":84}},"type":"binary-expr","locations":[{"start":{"line":8,"column":50},"end":{"line":8,"column":63}},{"start":{"line":8,"column":67},"end":{"line":8,"column":84}}],"line":8},"7":{"loc":{"start":{"line":13,"column":4},"end":{"line":13,"column":33}},"type":"if","locations":[{"start":{"line":13,"column":4},"end":{"line":13,"column":33}},{"start":{},"end":{}}],"line":13},"8":{"loc":{"start":{"line":16,"column":25},"end":{"line":20,"column":2}},"type":"binary-expr","locations":[{"start":{"line":16,"column":26},"end":{"line":16,"column":30}},{"start":{"line":16,"column":34},"end":{"line":16,"column":57}},{"start":{"line":16,"column":63},"end":{"line":20,"column":1}}],"line":16},"9":{"loc":{"start":{"line":16,"column":63},"end":{"line":20,"column":1}},"type":"cond-expr","locations":[{"start":{"line":16,"column":80},"end":{"line":18,"column":1}},{"start":{"line":18,"column":5},"end":{"line":20,"column":1}}],"line":16},"10":{"loc":{"start":{"line":21,"column":19},"end":{"line":27,"column":1}},"type":"binary-expr","locations":[{"start":{"line":21,"column":20},"end":{"line":21,"column":24}},{"start":{"line":21,"column":28},"end":{"line":21,"column":45}},{"start":{"line":21,"column":50},"end":{"line":27,"column":1}}],"line":21},"11":{"loc":{"start":{"line":22,"column":4},"end":{"line":22,"column":42}},"type":"if","locations":[{"start":{"line":22,"column":4},"end":{"line":22,"column":42}},{"start":{},"end":{}}],"line":22},"12":{"loc":{"start":{"line":22,"column":8},"end":{"line":22,"column":29}},"type":"binary-expr","locations":[{"start":{"line":22,"column":8},"end":{"line":22,"column":11}},{"start":{"line":22,"column":15},"end":{"line":22,"column":29}}],"line":22},"13":{"loc":{"start":{"line":24,"column":4},"end":{"line":24,"column":141}},"type":"if","locations":[{"start":{"line":24,"column":4},"end":{"line":24,"column":141}},{"start":{},"end":{}}],"line":24},"14":{"loc":{"start":{"line":24,"column":40},"end":{"line":24,"column":141}},"type":"if","locations":[{"start":{"line":24,"column":40},"end":{"line":24,"column":141}},{"start":{},"end":{}}],"line":24},"15":{"loc":{"start":{"line":24,"column":44},"end":{"line":24,"column":107}},"type":"binary-expr","locations":[{"start":{"line":24,"column":44},"end":{"line":24,"column":59}},{"start":{"line":24,"column":63},"end":{"line":24,"column":107}}],"line":24},"16":{"loc":{"start":{"line":28,"column":22},"end":{"line":30,"column":1}},"type":"binary-expr","locations":[{"start":{"line":28,"column":23},"end":{"line":28,"column":27}},{"start":{"line":28,"column":31},"end":{"line":28,"column":51}},{"start":{"line":28,"column":56},"end":{"line":30,"column":1}}],"line":28},"17":{"loc":{"start":{"line":29,"column":11},"end":{"line":29,"column":61}},"type":"cond-expr","locations":[{"start":{"line":29,"column":37},"end":{"line":29,"column":40}},{"start":{"line":29,"column":43},"end":{"line":29,"column":61}}],"line":29},"18":{"loc":{"start":{"line":29,"column":12},"end":{"line":29,"column":33}},"type":"binary-expr","locations":[{"start":{"line":29,"column":12},"end":{"line":29,"column":15}},{"start":{"line":29,"column":19},"end":{"line":29,"column":33}}],"line":29}},"s":{"0":1,"1":6,"2":6,"3":6,"4":6,"5":6,"6":3,"7":6,"8":0,"9":0,"10":0,"11":1,"12":1,"13":0,"14":1,"15":1,"16":0,"17":1,"18":1,"19":1,"20":6,"21":6,"22":1,"23":1,"24":1,"25":1,"26":1,"27":1,"28":1,"29":1,"30":0,"31":1,"32":0,"33":1,"34":3,"35":1},"f":{"0":6,"1":3,"2":0,"3":1,"4":0,"5":1,"6":1,"7":0,"8":0,"9":3},"b":{"0":[1,1,1],"1":[1,0],"2":[6,0],"3":[6,0],"4":[6,6],"5":[0,6],"6":[6,0],"7":[0,0],"8":[1,1,1],"9":[1,0],"10":[1,1,1],"11":[0,1],"12":[1,1],"13":[1,0],"14":[6,0],"15":[6,6],"16":[1,1,1],"17":[0,1],"18":[1,1]},"inputSourceMap":null,"_coverageSchema":"1a1c01bbd47fc00a2c39e90264f33305004495a9","hash":"3a49ce52ff7751fbadaef32d7ce89e36513b8430"}
,"/Users/joshcordero/Code/Misc/typescript_testing/dist/middleWare/authorization.js": {"path":"/Users/joshcordero/Code/Misc/typescript_testing/dist/middleWare/authorization.js","statementMap":{"0":{"start":{"line":5,"column":22},"end":{"line":15,"column":3}},"1":{"start":{"line":6,"column":4},"end":{"line":6,"column":33}},"2":{"start":{"line":6,"column":26},"end":{"line":6,"column":33}},"3":{"start":{"line":7,"column":15},"end":{"line":7,"column":52}},"4":{"start":{"line":8,"column":4},"end":{"line":10,"column":5}},"5":{"start":{"line":9,"column":6},"end":{"line":9,"column":68}},"6":{"start":{"line":9,"column":51},"end":{"line":9,"column":63}},"7":{"start":{"line":11,"column":4},"end":{"line":11,"column":39}},"8":{"start":{"line":13,"column":4},"end":{"line":13,"column":33}},"9":{"start":{"line":13,"column":26},"end":{"line":13,"column":33}},"10":{"start":{"line":14,"column":4},"end":{"line":14,"column":17}},"11":{"start":{"line":16,"column":25},"end":{"line":20,"column":2}},"12":{"start":{"line":17,"column":4},"end":{"line":17,"column":72}},"13":{"start":{"line":19,"column":4},"end":{"line":19,"column":21}},"14":{"start":{"line":21,"column":19},"end":{"line":27,"column":1}},"15":{"start":{"line":22,"column":4},"end":{"line":22,"column":42}},"16":{"start":{"line":22,"column":31},"end":{"line":22,"column":42}},"17":{"start":{"line":23,"column":17},"end":{"line":23,"column":19}},"18":{"start":{"line":24,"column":4},"end":{"line":24,"column":141}},"19":{"start":{"line":24,"column":21},"end":{"line":24,"column":141}},"20":{"start":{"line":24,"column":40},"end":{"line":24,"column":141}},"21":{"start":{"line":24,"column":109},"end":{"line":24,"column":141}},"22":{"start":{"line":25,"column":4},"end":{"line":25,"column":36}},"23":{"start":{"line":26,"column":4},"end":{"line":26,"column":18}},"24":{"start":{"line":28,"column":0},"end":{"line":28,"column":62}},"25":{"start":{"line":29,"column":12},"end":{"line":29,"column":49}},"26":{"start":{"line":31,"column":23},"end":{"line":31,"column":51}},"27":{"start":{"line":32,"column":18},"end":{"line":32,"column":56}},"28":{"start":{"line":33,"column":4},"end":{"line":34,"column":65}},"29":{"start":{"line":34,"column":8},"end":{"line":34,"column":65}},"30":{"start":{"line":35,"column":4},"end":{"line":40,"column":7}},"31":{"start":{"line":36,"column":8},"end":{"line":37,"column":69}},"32":{"start":{"line":37,"column":12},"end":{"line":37,"column":69}},"33":{"start":{"line":38,"column":8},"end":{"line":38,"column":24}},"34":{"start":{"line":39,"column":8},"end":{"line":39,"column":15}},"35":{"start":{"line":42,"column":0},"end":{"line":42,"column":36}}},"fnMap":{"0":{"name":"(anonymous_0)","decl":{"start":{"line":5,"column":74},"end":{"line":5,"column":75}},"loc":{"start":{"line":5,"column":96},"end":{"line":12,"column":1}},"line":5},"1":{"name":"(anonymous_1)","decl":{"start":{"line":9,"column":38},"end":{"line":9,"column":39}},"loc":{"start":{"line":9,"column":49},"end":{"line":9,"column":65}},"line":9},"2":{"name":"(anonymous_2)","decl":{"start":{"line":12,"column":6},"end":{"line":12,"column":7}},"loc":{"start":{"line":12,"column":28},"end":{"line":15,"column":1}},"line":12},"3":{"name":"(anonymous_3)","decl":{"start":{"line":16,"column":80},"end":{"line":16,"column":81}},"loc":{"start":{"line":16,"column":95},"end":{"line":18,"column":1}},"line":16},"4":{"name":"(anonymous_4)","decl":{"start":{"line":18,"column":5},"end":{"line":18,"column":6}},"loc":{"start":{"line":18,"column":20},"end":{"line":20,"column":1}},"line":18},"5":{"name":"(anonymous_5)","decl":{"start":{"line":21,"column":50},"end":{"line":21,"column":51}},"loc":{"start":{"line":21,"column":65},"end":{"line":27,"column":1}},"line":21},"6":{"name":"authenticateToken","decl":{"start":{"line":30,"column":9},"end":{"line":30,"column":26}},"loc":{"start":{"line":30,"column":43},"end":{"line":41,"column":1}},"line":30},"7":{"name":"(anonymous_7)","decl":{"start":{"line":35,"column":46},"end":{"line":35,"column":47}},"loc":{"start":{"line":35,"column":61},"end":{"line":40,"column":5}},"line":35}},"branchMap":{"0":{"loc":{"start":{"line":5,"column":22},"end":{"line":15,"column":3}},"type":"binary-expr","locations":[{"start":{"line":5,"column":23},"end":{"line":5,"column":27}},{"start":{"line":5,"column":31},"end":{"line":5,"column":51}},{"start":{"line":5,"column":57},"end":{"line":15,"column":2}}],"line":5},"1":{"loc":{"start":{"line":5,"column":57},"end":{"line":15,"column":2}},"type":"cond-expr","locations":[{"start":{"line":5,"column":74},"end":{"line":12,"column":1}},{"start":{"line":12,"column":6},"end":{"line":15,"column":1}}],"line":5},"2":{"loc":{"start":{"line":6,"column":4},"end":{"line":6,"column":33}},"type":"if","locations":[{"start":{"line":6,"column":4},"end":{"line":6,"column":33}},{"start":{},"end":{}}],"line":6},"3":{"loc":{"start":{"line":8,"column":4},"end":{"line":10,"column":5}},"type":"if","locations":[{"start":{"line":8,"column":4},"end":{"line":10,"column":5}},{"start":{},"end":{}}],"line":8},"4":{"loc":{"start":{"line":8,"column":8},"end":{"line":8,"column":85}},"type":"binary-expr","locations":[{"start":{"line":8,"column":8},"end":{"line":8,"column":13}},{"start":{"line":8,"column":18},"end":{"line":8,"column":84}}],"line":8},"5":{"loc":{"start":{"line":8,"column":18},"end":{"line":8,"column":84}},"type":"cond-expr","locations":[{"start":{"line":8,"column":34},"end":{"line":8,"column":47}},{"start":{"line":8,"column":50},"end":{"line":8,"column":84}}],"line":8},"6":{"loc":{"start":{"line":8,"column":50},"end":{"line":8,"column":84}},"type":"binary-expr","locations":[{"start":{"line":8,"column":50},"end":{"line":8,"column":63}},{"start":{"line":8,"column":67},"end":{"line":8,"column":84}}],"line":8},"7":{"loc":{"start":{"line":13,"column":4},"end":{"line":13,"column":33}},"type":"if","locations":[{"start":{"line":13,"column":4},"end":{"line":13,"column":33}},{"start":{},"end":{}}],"line":13},"8":{"loc":{"start":{"line":16,"column":25},"end":{"line":20,"column":2}},"type":"binary-expr","locations":[{"start":{"line":16,"column":26},"end":{"line":16,"column":30}},{"start":{"line":16,"column":34},"end":{"line":16,"column":57}},{"start":{"line":16,"column":63},"end":{"line":20,"column":1}}],"line":16},"9":{"loc":{"start":{"line":16,"column":63},"end":{"line":20,"column":1}},"type":"cond-expr","locations":[{"start":{"line":16,"column":80},"end":{"line":18,"column":1}},{"start":{"line":18,"column":5},"end":{"line":20,"column":1}}],"line":16},"10":{"loc":{"start":{"line":21,"column":19},"end":{"line":27,"column":1}},"type":"binary-expr","locations":[{"start":{"line":21,"column":20},"end":{"line":21,"column":24}},{"start":{"line":21,"column":28},"end":{"line":21,"column":45}},{"start":{"line":21,"column":50},"end":{"line":27,"column":1}}],"line":21},"11":{"loc":{"start":{"line":22,"column":4},"end":{"line":22,"column":42}},"type":"if","locations":[{"start":{"line":22,"column":4},"end":{"line":22,"column":42}},{"start":{},"end":{}}],"line":22},"12":{"loc":{"start":{"line":22,"column":8},"end":{"line":22,"column":29}},"type":"binary-expr","locations":[{"start":{"line":22,"column":8},"end":{"line":22,"column":11}},{"start":{"line":22,"column":15},"end":{"line":22,"column":29}}],"line":22},"13":{"loc":{"start":{"line":24,"column":4},"end":{"line":24,"column":141}},"type":"if","locations":[{"start":{"line":24,"column":4},"end":{"line":24,"column":141}},{"start":{},"end":{}}],"line":24},"14":{"loc":{"start":{"line":24,"column":40},"end":{"line":24,"column":141}},"type":"if","locations":[{"start":{"line":24,"column":40},"end":{"line":24,"column":141}},{"start":{},"end":{}}],"line":24},"15":{"loc":{"start":{"line":24,"column":44},"end":{"line":24,"column":107}},"type":"binary-expr","locations":[{"start":{"line":24,"column":44},"end":{"line":24,"column":59}},{"start":{"line":24,"column":63},"end":{"line":24,"column":107}}],"line":24},"16":{"loc":{"start":{"line":32,"column":18},"end":{"line":32,"column":56}},"type":"binary-expr","locations":[{"start":{"line":32,"column":18},"end":{"line":32,"column":28}},{"start":{"line":32,"column":32},"end":{"line":32,"column":56}}],"line":32},"17":{"loc":{"start":{"line":33,"column":4},"end":{"line":34,"column":65}},"type":"if","locations":[{"start":{"line":33,"column":4},"end":{"line":34,"column":65}},{"start":{},"end":{}}],"line":33},"18":{"loc":{"start":{"line":36,"column":8},"end":{"line":37,"column":69}},"type":"if","locations":[{"start":{"line":36,"column":8},"end":{"line":37,"column":69}},{"start":{},"end":{}}],"line":36}},"s":{"0":1,"1":6,"2":6,"3":6,"4":6,"5":6,"6":4,"7":6,"8":0,"9":0,"10":0,"11":1,"12":1,"13":0,"14":1,"15":1,"16":0,"17":1,"18":1,"19":1,"20":6,"21":6,"22":1,"23":1,"24":1,"25":1,"26":4,"27":4,"28":4,"29":0,"30":4,"31":4,"32":0,"33":4,"34":4,"35":1},"f":{"0":6,"1":4,"2":0,"3":1,"4":0,"5":1,"6":4,"7":4},"b":{"0":[1,1,1],"1":[1,0],"2":[6,0],"3":[6,0],"4":[6,6],"5":[0,6],"6":[6,0],"7":[0,0],"8":[1,1,1],"9":[1,0],"10":[1,1,1],"11":[0,1],"12":[1,1],"13":[1,0],"14":[6,0],"15":[6,6],"16":[4,4],"17":[0,4],"18":[0,4]},"inputSourceMap":null,"_coverageSchema":"1a1c01bbd47fc00a2c39e90264f33305004495a9","hash":"b7d4389fb26f46e093b9130a05e6e6280e379148"}
,"/Users/joshcordero/Code/Misc/typescript_testing/dist/middleWare/checkCompany.js": {"path":"/Users/joshcordero/Code/Misc/typescript_testing/dist/middleWare/checkCompany.js","statementMap":{"0":{"start":{"line":5,"column":0},"end":{"line":5,"column":62}},"1":{"start":{"line":7,"column":4},"end":{"line":11,"column":5}},"2":{"start":{"line":8,"column":8},"end":{"line":8,"column":15}},"3":{"start":{"line":10,"column":8},"end":{"line":10,"column":58}},"4":{"start":{"line":13,"column":0},"end":{"line":13,"column":31}}},"fnMap":{"0":{"name":"checkCompany","decl":{"start":{"line":6,"column":9},"end":{"line":6,"column":21}},"loc":{"start":{"line":6,"column":38},"end":{"line":12,"column":1}},"line":6}},"branchMap":{"0":{"loc":{"start":{"line":7,"column":4},"end":{"line":11,"column":5}},"type":"if","locations":[{"start":{"line":7,"column":4},"end":{"line":11,"column":5}},{"start":{"line":9,"column":9},"end":{"line":11,"column":5}}],"line":7},"1":{"loc":{"start":{"line":7,"column":8},"end":{"line":7,"column":73}},"type":"binary-expr","locations":[{"start":{"line":7,"column":8},"end":{"line":7,"column":36}},{"start":{"line":7,"column":40},"end":{"line":7,"column":73}}],"line":7}},"s":{"0":1,"1":0,"2":0,"3":0,"4":1},"f":{"0":0},"b":{"0":[0,0],"1":[0,0]},"inputSourceMap":null,"_coverageSchema":"1a1c01bbd47fc00a2c39e90264f33305004495a9","hash":"7d4345cf4436d22c1a7513719674386eff60e636"}
,"/Users/joshcordero/Code/Misc/typescript_testing/dist/middleWare/permissionLevel.js": {"path":"/Users/joshcordero/Code/Misc/typescript_testing/dist/middleWare/permissionLevel.js","statementMap":{"0":{"start":{"line":5,"column":0},"end":{"line":5,"column":62}},"1":{"start":{"line":9,"column":4},"end":{"line":14,"column":15}},"2":{"start":{"line":10,"column":8},"end":{"line":10,"column":58}},"3":{"start":{"line":11,"column":9},"end":{"line":14,"column":15}},"4":{"start":{"line":12,"column":8},"end":{"line":12,"column":58}},"5":{"start":{"line":14,"column":8},"end":{"line":14,"column":15}},"6":{"start":{"line":16,"column":0},"end":{"line":16,"column":34}}},"fnMap":{"0":{"name":"permissionLevel","decl":{"start":{"line":8,"column":9},"end":{"line":8,"column":24}},"loc":{"start":{"line":8,"column":41},"end":{"line":15,"column":1}},"line":8}},"branchMap":{"0":{"loc":{"start":{"line":9,"column":4},"end":{"line":14,"column":15}},"type":"if","locations":[{"start":{"line":9,"column":4},"end":{"line":14,"column":15}},{"start":{"line":11,"column":9},"end":{"line":14,"column":15}}],"line":9},"1":{"loc":{"start":{"line":11,"column":9},"end":{"line":14,"column":15}},"type":"if","locations":[{"start":{"line":11,"column":9},"end":{"line":14,"column":15}},{"start":{"line":14,"column":8},"end":{"line":14,"column":15}}],"line":11},"2":{"loc":{"start":{"line":11,"column":13},"end":{"line":11,"column":97}},"type":"binary-expr","locations":[{"start":{"line":11,"column":13},"end":{"line":11,"column":42}},{"start":{"line":11,"column":46},"end":{"line":11,"column":97}}],"line":11}},"s":{"0":1,"1":4,"2":1,"3":3,"4":1,"5":2,"6":1},"f":{"0":4},"b":{"0":[1,3],"1":[1,2],"2":[3,3]},"inputSourceMap":null,"_coverageSchema":"1a1c01bbd47fc00a2c39e90264f33305004495a9","hash":"b43d24ec2b05aab092260d48bdf9c355d03b894c"}
,"/Users/joshcordero/Code/Misc/typescript_testing/dist/middleWare/setCompany.js": {"path":"/Users/joshcordero/Code/Misc/typescript_testing/dist/middleWare/setCompany.js","statementMap":{"0":{"start":{"line":5,"column":0},"end":{"line":5,"column":62}},"1":{"start":{"line":8,"column":4},"end":{"line":13,"column":5}},"2":{"start":{"line":9,"column":8},"end":{"line":9,"column":15}},"3":{"start":{"line":11,"column":8},"end":{"line":11,"column":44}},"4":{"start":{"line":12,"column":8},"end":{"line":12,"column":15}},"5":{"start":{"line":15,"column":0},"end":{"line":15,"column":29}}},"fnMap":{"0":{"name":"setCompany","decl":{"start":{"line":7,"column":9},"end":{"line":7,"column":19}},"loc":{"start":{"line":7,"column":36},"end":{"line":14,"column":1}},"line":7}},"branchMap":{"0":{"loc":{"start":{"line":8,"column":4},"end":{"line":13,"column":5}},"type":"if","locations":[{"start":{"line":8,"column":4},"end":{"line":13,"column":5}},{"start":{"line":10,"column":9},"end":{"line":13,"column":5}}],"line":8},"1":{"loc":{"start":{"line":8,"column":8},"end":{"line":8,"column":61}},"type":"binary-expr","locations":[{"start":{"line":8,"column":8},"end":{"line":8,"column":36}},{"start":{"line":8,"column":40},"end":{"line":8,"column":61}}],"line":8}},"s":{"0":1,"1":2,"2":0,"3":2,"4":2,"5":1},"f":{"0":2},"b":{"0":[0,2],"1":[2,0]},"inputSourceMap":null,"_coverageSchema":"1a1c01bbd47fc00a2c39e90264f33305004495a9","hash":"0ab539c268ba152dd7862774080bc8af94cc64d7"}
,"/Users/joshcordero/Code/Misc/typescript_testing/dist/models/company.js": {"path":"/Users/joshcordero/Code/Misc/typescript_testing/dist/models/company.js","statementMap":{"0":{"start":{"line":5,"column":0},"end":{"line":5,"column":62}},"1":{"start":{"line":6,"column":19},"end":{"line":6,"column":38}},"2":{"start":{"line":7,"column":22},"end":{"line":20,"column":2}},"3":{"start":{"line":21,"column":16},"end":{"line":21,"column":63}},"4":{"start":{"line":22,"column":0},"end":{"line":22,"column":26}}},"fnMap":{},"branchMap":{},"s":{"0":1,"1":1,"2":1,"3":1,"4":1},"f":{},"b":{},"inputSourceMap":null,"_coverageSchema":"1a1c01bbd47fc00a2c39e90264f33305004495a9","hash":"e83273456af3b49d857eb64b851e74fb2b71f29b"}
,"/Users/joshcordero/Code/Misc/typescript_testing/dist/models/user.js": {"path":"/Users/joshcordero/Code/Misc/typescript_testing/dist/models/user.js","statementMap":{"0":{"start":{"line":5,"column":22},"end":{"line":7,"column":1}},"1":{"start":{"line":6,"column":4},"end":{"line":6,"column":62}},"2":{"start":{"line":8,"column":0},"end":{"line":8,"column":62}},"3":{"start":{"line":9,"column":19},"end":{"line":9,"column":38}},"4":{"start":{"line":10,"column":17},"end":{"line":10,"column":51}},"5":{"start":{"line":11,"column":25},"end":{"line":11,"column":61}},"6":{"start":{"line":12,"column":19},"end":{"line":48,"column":2}},"7":{"start":{"line":49,"column":0},"end":{"line":54,"column":3}},"8":{"start":{"line":50,"column":4},"end":{"line":51,"column":22}},"9":{"start":{"line":51,"column":8},"end":{"line":51,"column":22}},"10":{"start":{"line":52,"column":19},"end":{"line":52,"column":79}},"11":{"start":{"line":53,"column":4},"end":{"line":53,"column":27}},"12":{"start":{"line":55,"column":0},"end":{"line":59,"column":2}},"13":{"start":{"line":56,"column":19},"end":{"line":56,"column":79}},"14":{"start":{"line":57,"column":4},"end":{"line":57,"column":27}},"15":{"start":{"line":58,"column":4},"end":{"line":58,"column":11}},"16":{"start":{"line":60,"column":0},"end":{"line":63,"column":2}},"17":{"start":{"line":61,"column":17},"end":{"line":61,"column":68}},"18":{"start":{"line":62,"column":4},"end":{"line":62,"column":16}},"19":{"start":{"line":64,"column":13},"end":{"line":64,"column":54}},"20":{"start":{"line":65,"column":0},"end":{"line":65,"column":23}}},"fnMap":{"0":{"name":"(anonymous_0)","decl":{"start":{"line":5,"column":56},"end":{"line":5,"column":57}},"loc":{"start":{"line":5,"column":71},"end":{"line":7,"column":1}},"line":5},"1":{"name":"(anonymous_1)","decl":{"start":{"line":49,"column":23},"end":{"line":49,"column":24}},"loc":{"start":{"line":49,"column":45},"end":{"line":54,"column":1}},"line":49},"2":{"name":"(anonymous_2)","decl":{"start":{"line":55,"column":37},"end":{"line":55,"column":38}},"loc":{"start":{"line":55,"column":59},"end":{"line":59,"column":1}},"line":55},"3":{"name":"(anonymous_3)","decl":{"start":{"line":60,"column":38},"end":{"line":60,"column":39}},"loc":{"start":{"line":60,"column":60},"end":{"line":63,"column":1}},"line":60}},"branchMap":{"0":{"loc":{"start":{"line":5,"column":22},"end":{"line":7,"column":1}},"type":"binary-expr","locations":[{"start":{"line":5,"column":23},"end":{"line":5,"column":27}},{"start":{"line":5,"column":31},"end":{"line":5,"column":51}},{"start":{"line":5,"column":56},"end":{"line":7,"column":1}}],"line":5},"1":{"loc":{"start":{"line":6,"column":11},"end":{"line":6,"column":61}},"type":"cond-expr","locations":[{"start":{"line":6,"column":37},"end":{"line":6,"column":40}},{"start":{"line":6,"column":43},"end":{"line":6,"column":61}}],"line":6},"2":{"loc":{"start":{"line":6,"column":12},"end":{"line":6,"column":33}},"type":"binary-expr","locations":[{"start":{"line":6,"column":12},"end":{"line":6,"column":15}},{"start":{"line":6,"column":19},"end":{"line":6,"column":33}}],"line":6},"3":{"loc":{"start":{"line":50,"column":4},"end":{"line":51,"column":22}},"type":"if","locations":[{"start":{"line":50,"column":4},"end":{"line":51,"column":22}},{"start":{},"end":{}}],"line":50}},"s":{"0":1,"1":1,"2":1,"3":1,"4":1,"5":1,"6":1,"7":1,"8":5,"9":0,"10":5,"11":5,"12":1,"13":0,"14":0,"15":0,"16":1,"17":3,"18":3,"19":1,"20":1},"f":{"0":1,"1":5,"2":0,"3":3},"b":{"0":[1,1,1],"1":[0,1],"2":[1,1],"3":[0,5]},"inputSourceMap":null,"_coverageSchema":"1a1c01bbd47fc00a2c39e90264f33305004495a9","hash":"72b22fdb34ba39f01f6fe894c524cd981b1b0b75"}
,"/Users/joshcordero/Code/Misc/typescript_testing/dist/router/auth.js": {"path":"/Users/joshcordero/Code/Misc/typescript_testing/dist/router/auth.js","statementMap":{"0":{"start":{"line":5,"column":22},"end":{"line":7,"column":1}},"1":{"start":{"line":6,"column":4},"end":{"line":6,"column":62}},"2":{"start":{"line":8,"column":0},"end":{"line":8,"column":62}},"3":{"start":{"line":9,"column":18},"end":{"line":9,"column":53}},"4":{"start":{"line":10,"column":15},"end":{"line":10,"column":57}},"5":{"start":{"line":11,"column":24},"end":{"line":11,"column":79}},"6":{"start":{"line":12,"column":26},"end":{"line":12,"column":83}},"7":{"start":{"line":13,"column":21},"end":{"line":13,"column":73}},"8":{"start":{"line":14,"column":21},"end":{"line":14,"column":53}},"9":{"start":{"line":15,"column":15},"end":{"line":15,"column":41}},"10":{"start":{"line":16,"column":0},"end":{"line":20,"column":3}},"11":{"start":{"line":17,"column":4},"end":{"line":19,"column":19}},"12":{"start":{"line":18,"column":8},"end":{"line":18,"column":23}},"13":{"start":{"line":21,"column":0},"end":{"line":31,"column":3}},"14":{"start":{"line":22,"column":4},"end":{"line":30,"column":19}},"15":{"start":{"line":23,"column":8},"end":{"line":29,"column":9}},"16":{"start":{"line":24,"column":26},"end":{"line":24,"column":143}},"17":{"start":{"line":25,"column":12},"end":{"line":25,"column":45}},"18":{"start":{"line":28,"column":12},"end":{"line":28,"column":61}},"19":{"start":{"line":32,"column":0},"end":{"line":32,"column":25}}},"fnMap":{"0":{"name":"(anonymous_0)","decl":{"start":{"line":5,"column":56},"end":{"line":5,"column":57}},"loc":{"start":{"line":5,"column":71},"end":{"line":7,"column":1}},"line":5},"1":{"name":"(anonymous_1)","decl":{"start":{"line":16,"column":98},"end":{"line":16,"column":99}},"loc":{"start":{"line":16,"column":118},"end":{"line":20,"column":1}},"line":16},"2":{"name":"(anonymous_2)","decl":{"start":{"line":17,"column":41},"end":{"line":17,"column":42}},"loc":{"start":{"line":17,"column":51},"end":{"line":19,"column":5}},"line":17},"3":{"name":"(anonymous_3)","decl":{"start":{"line":21,"column":22},"end":{"line":21,"column":23}},"loc":{"start":{"line":21,"column":42},"end":{"line":31,"column":1}},"line":21},"4":{"name":"(anonymous_4)","decl":{"start":{"line":22,"column":59},"end":{"line":22,"column":60}},"loc":{"start":{"line":22,"column":75},"end":{"line":30,"column":5}},"line":22}},"branchMap":{"0":{"loc":{"start":{"line":5,"column":22},"end":{"line":7,"column":1}},"type":"binary-expr","locations":[{"start":{"line":5,"column":23},"end":{"line":5,"column":27}},{"start":{"line":5,"column":31},"end":{"line":5,"column":51}},{"start":{"line":5,"column":56},"end":{"line":7,"column":1}}],"line":5},"1":{"loc":{"start":{"line":6,"column":11},"end":{"line":6,"column":61}},"type":"cond-expr","locations":[{"start":{"line":6,"column":37},"end":{"line":6,"column":40}},{"start":{"line":6,"column":43},"end":{"line":6,"column":61}}],"line":6},"2":{"loc":{"start":{"line":6,"column":12},"end":{"line":6,"column":33}},"type":"binary-expr","locations":[{"start":{"line":6,"column":12},"end":{"line":6,"column":15}},{"start":{"line":6,"column":19},"end":{"line":6,"column":33}}],"line":6},"3":{"loc":{"start":{"line":23,"column":8},"end":{"line":29,"column":9}},"type":"if","locations":[{"start":{"line":23,"column":8},"end":{"line":29,"column":9}},{"start":{"line":27,"column":13},"end":{"line":29,"column":9}}],"line":23},"4":{"loc":{"start":{"line":23,"column":12},"end":{"line":23,"column":66}},"type":"binary-expr","locations":[{"start":{"line":23,"column":12},"end":{"line":23,"column":16}},{"start":{"line":23,"column":20},"end":{"line":23,"column":66}}],"line":23}},"s":{"0":1,"1":5,"2":1,"3":1,"4":1,"5":1,"6":1,"7":1,"8":1,"9":1,"10":1,"11":2,"12":2,"13":1,"14":3,"15":3,"16":3,"17":3,"18":0,"19":1},"f":{"0":5,"1":2,"2":2,"3":3,"4":3},"b":{"0":[1,1,1],"1":[4,1],"2":[5,5],"3":[3,0],"4":[3,3]},"inputSourceMap":null,"_coverageSchema":"1a1c01bbd47fc00a2c39e90264f33305004495a9","hash":"74a9e3ac271d206df99631fb4d6f76887c44e379"}
,"/Users/joshcordero/Code/Misc/typescript_testing/dist/router/company.js": {"path":"/Users/joshcordero/Code/Misc/typescript_testing/dist/router/company.js","statementMap":{"0":{"start":{"line":5,"column":22},"end":{"line":7,"column":1}},"1":{"start":{"line":6,"column":4},"end":{"line":6,"column":62}},"2":{"start":{"line":8,"column":0},"end":{"line":8,"column":62}},"3":{"start":{"line":9,"column":18},"end":{"line":9,"column":53}},"4":{"start":{"line":10,"column":18},"end":{"line":10,"column":63}},"5":{"start":{"line":11,"column":24},"end":{"line":11,"column":79}},"6":{"start":{"line":12,"column":23},"end":{"line":12,"column":77}},"7":{"start":{"line":13,"column":26},"end":{"line":13,"column":83}},"8":{"start":{"line":14,"column":15},"end":{"line":14,"column":41}},"9":{"start":{"line":15,"column":0},"end":{"line":19,"column":3}},"10":{"start":{"line":16,"column":4},"end":{"line":18,"column":19}},"11":{"start":{"line":17,"column":8},"end":{"line":17,"column":26}},"12":{"start":{"line":20,"column":0},"end":{"line":27,"column":3}},"13":{"start":{"line":21,"column":4},"end":{"line":26,"column":19}},"14":{"start":{"line":22,"column":8},"end":{"line":25,"column":30}},"15":{"start":{"line":23,"column":12},"end":{"line":23,"column":67}},"16":{"start":{"line":25,"column":12},"end":{"line":25,"column":30}},"17":{"start":{"line":28,"column":0},"end":{"line":37,"column":3}},"18":{"start":{"line":29,"column":4},"end":{"line":36,"column":19}},"19":{"start":{"line":30,"column":8},"end":{"line":35,"column":11}},"20":{"start":{"line":31,"column":12},"end":{"line":34,"column":34}},"21":{"start":{"line":32,"column":16},"end":{"line":32,"column":71}},"22":{"start":{"line":34,"column":16},"end":{"line":34,"column":34}},"23":{"start":{"line":38,"column":0},"end":{"line":45,"column":3}},"24":{"start":{"line":39,"column":4},"end":{"line":44,"column":19}},"25":{"start":{"line":40,"column":8},"end":{"line":43,"column":30}},"26":{"start":{"line":41,"column":12},"end":{"line":41,"column":67}},"27":{"start":{"line":43,"column":12},"end":{"line":43,"column":30}},"28":{"start":{"line":46,"column":0},"end":{"line":46,"column":25}}},"fnMap":{"0":{"name":"(anonymous_0)","decl":{"start":{"line":5,"column":56},"end":{"line":5,"column":57}},"loc":{"start":{"line":5,"column":71},"end":{"line":7,"column":1}},"line":5},"1":{"name":"(anonymous_1)","decl":{"start":{"line":15,"column":24},"end":{"line":15,"column":25}},"loc":{"start":{"line":15,"column":44},"end":{"line":19,"column":1}},"line":15},"2":{"name":"(anonymous_2)","decl":{"start":{"line":16,"column":44},"end":{"line":16,"column":45}},"loc":{"start":{"line":16,"column":57},"end":{"line":18,"column":5}},"line":16},"3":{"name":"(anonymous_3)","decl":{"start":{"line":20,"column":76},"end":{"line":20,"column":77}},"loc":{"start":{"line":20,"column":96},"end":{"line":27,"column":1}},"line":20},"4":{"name":"(anonymous_4)","decl":{"start":{"line":21,"column":60},"end":{"line":21,"column":61}},"loc":{"start":{"line":21,"column":73},"end":{"line":26,"column":5}},"line":21},"5":{"name":"(anonymous_5)","decl":{"start":{"line":28,"column":103},"end":{"line":28,"column":104}},"loc":{"start":{"line":28,"column":129},"end":{"line":37,"column":1}},"line":28},"6":{"name":"(anonymous_6)","decl":{"start":{"line":29,"column":78},"end":{"line":29,"column":79}},"loc":{"start":{"line":29,"column":84},"end":{"line":36,"column":5}},"line":29},"7":{"name":"(anonymous_7)","decl":{"start":{"line":30,"column":63},"end":{"line":30,"column":64}},"loc":{"start":{"line":30,"column":76},"end":{"line":35,"column":9}},"line":30},"8":{"name":"(anonymous_8)","decl":{"start":{"line":38,"column":106},"end":{"line":38,"column":107}},"loc":{"start":{"line":38,"column":126},"end":{"line":45,"column":1}},"line":38},"9":{"name":"(anonymous_9)","decl":{"start":{"line":39,"column":68},"end":{"line":39,"column":69}},"loc":{"start":{"line":39,"column":81},"end":{"line":44,"column":5}},"line":39}},"branchMap":{"0":{"loc":{"start":{"line":5,"column":22},"end":{"line":7,"column":1}},"type":"binary-expr","locations":[{"start":{"line":5,"column":23},"end":{"line":5,"column":27}},{"start":{"line":5,"column":31},"end":{"line":5,"column":51}},{"start":{"line":5,"column":56},"end":{"line":7,"column":1}}],"line":5},"1":{"loc":{"start":{"line":6,"column":11},"end":{"line":6,"column":61}},"type":"cond-expr","locations":[{"start":{"line":6,"column":37},"end":{"line":6,"column":40}},{"start":{"line":6,"column":43},"end":{"line":6,"column":61}}],"line":6},"2":{"loc":{"start":{"line":6,"column":12},"end":{"line":6,"column":33}},"type":"binary-expr","locations":[{"start":{"line":6,"column":12},"end":{"line":6,"column":15}},{"start":{"line":6,"column":19},"end":{"line":6,"column":33}}],"line":6},"3":{"loc":{"start":{"line":22,"column":8},"end":{"line":25,"column":30}},"type":"if","locations":[{"start":{"line":22,"column":8},"end":{"line":25,"column":30}},{"start":{"line":25,"column":12},"end":{"line":25,"column":30}}],"line":22},"4":{"loc":{"start":{"line":31,"column":12},"end":{"line":34,"column":34}},"type":"if","locations":[{"start":{"line":31,"column":12},"end":{"line":34,"column":34}},{"start":{"line":34,"column":16},"end":{"line":34,"column":34}}],"line":31},"5":{"loc":{"start":{"line":40,"column":8},"end":{"line":43,"column":30}},"type":"if","locations":[{"start":{"line":40,"column":8},"end":{"line":43,"column":30}},{"start":{"line":43,"column":12},"end":{"line":43,"column":30}}],"line":40}},"s":{"0":1,"1":5,"2":1,"3":1,"4":1,"5":1,"6":1,"7":1,"8":1,"9":1,"10":0,"11":0,"12":1,"13":0,"14":0,"15":0,"16":0,"17":1,"18":0,"19":0,"20":0,"21":0,"22":0,"23":1,"24":0,"25":0,"26":0,"27":0,"28":1},"f":{"0":5,"1":0,"2":0,"3":0,"4":0,"5":0,"6":0,"7":0,"8":0,"9":0},"b":{"0":[1,1,1],"1":[4,1],"2":[5,5],"3":[0,0],"4":[0,0],"5":[0,0]},"inputSourceMap":null,"_coverageSchema":"1a1c01bbd47fc00a2c39e90264f33305004495a9","hash":"c059e79bb7e37278cb7d6a6e1379649c4ae81975"}
,"/Users/joshcordero/Code/Misc/typescript_testing/dist/router/users.js": {"path":"/Users/joshcordero/Code/Misc/typescript_testing/dist/router/users.js","statementMap":{"0":{"start":{"line":5,"column":22},"end":{"line":7,"column":1}},"1":{"start":{"line":6,"column":4},"end":{"line":6,"column":62}},"2":{"start":{"line":8,"column":0},"end":{"line":8,"column":62}},"3":{"start":{"line":9,"column":18},"end":{"line":9,"column":53}},"4":{"start":{"line":10,"column":15},"end":{"line":10,"column":57}},"5":{"start":{"line":11,"column":21},"end":{"line":11,"column":53}},"6":{"start":{"line":12,"column":24},"end":{"line":12,"column":79}},"7":{"start":{"line":13,"column":26},"end":{"line":13,"column":83}},"8":{"start":{"line":14,"column":15},"end":{"line":14,"column":41}},"9":{"start":{"line":15,"column":0},"end":{"line":20,"column":3}},"10":{"start":{"line":16,"column":17},"end":{"line":16,"column":83}},"11":{"start":{"line":17,"column":4},"end":{"line":19,"column":19}},"12":{"start":{"line":18,"column":8},"end":{"line":18,"column":24}},"13":{"start":{"line":21,"column":0},"end":{"line":29,"column":3}},"14":{"start":{"line":22,"column":17},"end":{"line":22,"column":123}},"15":{"start":{"line":23,"column":4},"end":{"line":28,"column":19}},"16":{"start":{"line":24,"column":8},"end":{"line":27,"column":64}},"17":{"start":{"line":25,"column":12},"end":{"line":25,"column":27}},"18":{"start":{"line":27,"column":12},"end":{"line":27,"column":64}},"19":{"start":{"line":30,"column":0},"end":{"line":42,"column":3}},"20":{"start":{"line":31,"column":17},"end":{"line":31,"column":123}},"21":{"start":{"line":32,"column":4},"end":{"line":33,"column":93}},"22":{"start":{"line":33,"column":8},"end":{"line":33,"column":93}},"23":{"start":{"line":34,"column":4},"end":{"line":41,"column":19}},"24":{"start":{"line":35,"column":8},"end":{"line":40,"column":11}},"25":{"start":{"line":36,"column":12},"end":{"line":39,"column":68}},"26":{"start":{"line":37,"column":16},"end":{"line":37,"column":31}},"27":{"start":{"line":39,"column":16},"end":{"line":39,"column":68}},"28":{"start":{"line":43,"column":0},"end":{"line":51,"column":3}},"29":{"start":{"line":44,"column":17},"end":{"line":44,"column":123}},"30":{"start":{"line":45,"column":4},"end":{"line":50,"column":19}},"31":{"start":{"line":46,"column":8},"end":{"line":49,"column":64}},"32":{"start":{"line":47,"column":12},"end":{"line":47,"column":27}},"33":{"start":{"line":49,"column":12},"end":{"line":49,"column":64}},"34":{"start":{"line":52,"column":0},"end":{"line":52,"column":25}}},"fnMap":{"0":{"name":"(anonymous_0)","decl":{"start":{"line":5,"column":56},"end":{"line":5,"column":57}},"loc":{"start":{"line":5,"column":71},"end":{"line":7,"column":1}},"line":5},"1":{"name":"(anonymous_1)","decl":{"start":{"line":15,"column":46},"end":{"line":15,"column":47}},"loc":{"start":{"line":15,"column":66},"end":{"line":20,"column":1}},"line":15},"2":{"name":"(anonymous_2)","decl":{"start":{"line":17,"column":35},"end":{"line":17,"column":36}},"loc":{"start":{"line":17,"column":46},"end":{"line":19,"column":5}},"line":17},"3":{"name":"(anonymous_3)","decl":{"start":{"line":21,"column":50},"end":{"line":21,"column":51}},"loc":{"start":{"line":21,"column":70},"end":{"line":29,"column":1}},"line":21},"4":{"name":"(anonymous_4)","decl":{"start":{"line":23,"column":38},"end":{"line":23,"column":39}},"loc":{"start":{"line":23,"column":48},"end":{"line":28,"column":5}},"line":23},"5":{"name":"(anonymous_5)","decl":{"start":{"line":30,"column":77},"end":{"line":30,"column":78}},"loc":{"start":{"line":30,"column":103},"end":{"line":42,"column":1}},"line":30},"6":{"name":"(anonymous_6)","decl":{"start":{"line":34,"column":57},"end":{"line":34,"column":58}},"loc":{"start":{"line":34,"column":63},"end":{"line":41,"column":5}},"line":34},"7":{"name":"(anonymous_7)","decl":{"start":{"line":35,"column":60},"end":{"line":35,"column":61}},"loc":{"start":{"line":35,"column":70},"end":{"line":40,"column":9}},"line":35},"8":{"name":"(anonymous_8)","decl":{"start":{"line":43,"column":80},"end":{"line":43,"column":81}},"loc":{"start":{"line":43,"column":100},"end":{"line":51,"column":1}},"line":43},"9":{"name":"(anonymous_9)","decl":{"start":{"line":45,"column":47},"end":{"line":45,"column":48}},"loc":{"start":{"line":45,"column":57},"end":{"line":50,"column":5}},"line":45}},"branchMap":{"0":{"loc":{"start":{"line":5,"column":22},"end":{"line":7,"column":1}},"type":"binary-expr","locations":[{"start":{"line":5,"column":23},"end":{"line":5,"column":27}},{"start":{"line":5,"column":31},"end":{"line":5,"column":51}},{"start":{"line":5,"column":56},"end":{"line":7,"column":1}}],"line":5},"1":{"loc":{"start":{"line":6,"column":11},"end":{"line":6,"column":61}},"type":"cond-expr","locations":[{"start":{"line":6,"column":37},"end":{"line":6,"column":40}},{"start":{"line":6,"column":43},"end":{"line":6,"column":61}}],"line":6},"2":{"loc":{"start":{"line":6,"column":12},"end":{"line":6,"column":33}},"type":"binary-expr","locations":[{"start":{"line":6,"column":12},"end":{"line":6,"column":15}},{"start":{"line":6,"column":19},"end":{"line":6,"column":33}}],"line":6},"3":{"loc":{"start":{"line":16,"column":17},"end":{"line":16,"column":83}},"type":"cond-expr","locations":[{"start":{"line":16,"column":49},"end":{"line":16,"column":51}},{"start":{"line":16,"column":54},"end":{"line":16,"column":83}}],"line":16},"4":{"loc":{"start":{"line":22,"column":17},"end":{"line":22,"column":123}},"type":"cond-expr","locations":[{"start":{"line":22,"column":49},"end":{"line":22,"column":71}},{"start":{"line":22,"column":74},"end":{"line":22,"column":123}}],"line":22},"5":{"loc":{"start":{"line":24,"column":8},"end":{"line":27,"column":64}},"type":"if","locations":[{"start":{"line":24,"column":8},"end":{"line":27,"column":64}},{"start":{"line":27,"column":12},"end":{"line":27,"column":64}}],"line":24},"6":{"loc":{"start":{"line":31,"column":17},"end":{"line":31,"column":123}},"type":"cond-expr","locations":[{"start":{"line":31,"column":49},"end":{"line":31,"column":71}},{"start":{"line":31,"column":74},"end":{"line":31,"column":123}}],"line":31},"7":{"loc":{"start":{"line":32,"column":4},"end":{"line":33,"column":93}},"type":"if","locations":[{"start":{"line":32,"column":4},"end":{"line":33,"column":93}},{"start":{},"end":{}}],"line":32},"8":{"loc":{"start":{"line":36,"column":12},"end":{"line":39,"column":68}},"type":"if","locations":[{"start":{"line":36,"column":12},"end":{"line":39,"column":68}},{"start":{"line":39,"column":16},"end":{"line":39,"column":68}}],"line":36},"9":{"loc":{"start":{"line":44,"column":17},"end":{"line":44,"column":123}},"type":"cond-expr","locations":[{"start":{"line":44,"column":49},"end":{"line":44,"column":71}},{"start":{"line":44,"column":74},"end":{"line":44,"column":123}}],"line":44},"10":{"loc":{"start":{"line":46,"column":8},"end":{"line":49,"column":64}},"type":"if","locations":[{"start":{"line":46,"column":8},"end":{"line":49,"column":64}},{"start":{"line":49,"column":12},"end":{"line":49,"column":64}}],"line":46}},"s":{"0":1,"1":4,"2":1,"3":1,"4":1,"5":1,"6":1,"7":1,"8":1,"9":1,"10":0,"11":0,"12":0,"13":1,"14":0,"15":0,"16":0,"17":0,"18":0,"19":1,"20":0,"21":0,"22":0,"23":0,"24":0,"25":0,"26":0,"27":0,"28":1,"29":0,"30":0,"31":0,"32":0,"33":0,"34":1},"f":{"0":4,"1":0,"2":0,"3":0,"4":0,"5":0,"6":0,"7":0,"8":0,"9":0},"b":{"0":[1,1,1],"1":[3,1],"2":[4,4],"3":[0,0],"4":[0,0],"5":[0,0],"6":[0,0],"7":[0,0],"8":[0,0],"9":[0,0],"10":[0,0]},"inputSourceMap":null,"_coverageSchema":"1a1c01bbd47fc00a2c39e90264f33305004495a9","hash":"6ecd757b6f435e58d0cd90b06159bcece733eab2"}
,"/Users/joshcordero/Code/Misc/typescript_testing/src/__test__/server.ts": {"path":"/Users/joshcordero/Code/Misc/typescript_testing/src/__test__/server.ts","statementMap":{"0":{"start":{"line":6,"column":0},"end":{"line":6,"column":29}},"1":{"start":{"line":7,"column":0},"end":{"line":7,"column":27}},"2":{"start":{"line":9,"column":0},"end":{"line":9,"column":null}},"3":{"start":{"line":12,"column":0},"end":{"line":12,"column":null}},"4":{"start":{"line":14,"column":0},"end":{"line":14,"column":40}},"5":{"start":{"line":15,"column":0},"end":{"line":15,"column":38}},"6":{"start":{"line":16,"column":0},"end":{"line":16,"column":44}},"7":{"start":{"line":19,"column":16},"end":{"line":19,"column":25}},"8":{"start":{"line":21,"column":4},"end":{"line":21,"column":38}},"9":{"start":{"line":23,"column":4},"end":{"line":23,"column":28}},"10":{"start":{"line":26,"column":4},"end":{"line":26,"column":30}},"11":{"start":{"line":27,"column":4},"end":{"line":27,"column":31}},"12":{"start":{"line":28,"column":4},"end":{"line":28,"column":34}},"13":{"start":{"line":30,"column":4},"end":{"line":32,"column":null}},"14":{"start":{"line":31,"column":4},"end":{"line":31,"column":47}},"15":{"start":{"line":34,"column":4},"end":{"line":36,"column":null}},"16":{"start":{"line":35,"column":8},"end":{"line":35,"column":51}},"17":{"start":{"line":38,"column":4},"end":{"line":38,"column":null}},"18":{"start":{"line":41,"column":0},"end":{"line":41,"column":null}}},"fnMap":{"0":{"name":"createServer","decl":{"start":{"line":18,"column":9},"end":{"line":18,"column":21}},"loc":{"start":{"line":18,"column":21},"end":{"line":39,"column":1}}},"1":{"name":"(anonymous_2)","decl":{"start":{"line":30,"column":12},"end":{"line":30,"column":13}},"loc":{"start":{"line":30,"column":30},"end":{"line":32,"column":5}}},"2":{"name":"(anonymous_3)","decl":{"start":{"line":34,"column":12},"end":{"line":34,"column":13}},"loc":{"start":{"line":34,"column":32},"end":{"line":36,"column":5}}}},"branchMap":{},"s":{"0":1,"1":1,"2":1,"3":1,"4":1,"5":1,"6":1,"7":1,"8":1,"9":1,"10":1,"11":1,"12":1,"13":1,"14":0,"15":1,"16":0,"17":1,"18":1},"f":{"0":1,"1":0,"2":0},"b":{}}
,"/Users/joshcordero/Code/Misc/typescript_testing/src/__test__/helpers/createUser.ts": {"path":"/Users/joshcordero/Code/Misc/typescript_testing/src/__test__/helpers/createUser.ts","statementMap":{"0":{"start":{"line":5,"column":1},"end":{"line":5,"column":37}},"1":{"start":{"line":8,"column":17},"end":{"line":8,"column":40}},"2":{"start":{"line":9,"column":4},"end":{"line":9,"column":null}},"3":{"start":{"line":13,"column":0},"end":{"line":13,"column":null}}},"fnMap":{"0":{"name":"createUser","decl":{"start":{"line":7,"column":16},"end":{"line":7,"column":26}},"loc":{"start":{"line":7,"column":31},"end":{"line":10,"column":1}}}},"branchMap":{},"s":{"0":1,"1":9,"2":9,"3":1},"f":{"0":9},"b":{}}
,"/Users/joshcordero/Code/Misc/typescript_testing/src/__test__/helpers/createUsers.ts": {"path":"/Users/joshcordero/Code/Misc/typescript_testing/src/__test__/helpers/createUsers.ts","statementMap":{"0":{"start":{"line":5,"column":1},"end":{"line":5,"column":37}},"1":{"start":{"line":6,"column":1},"end":{"line":6,"column":98}},"2":{"start":{"line":9,"column":18},"end":{"line":9,"column":47}},"3":{"start":{"line":10,"column":18},"end":{"line":10,"column":47}},"4":{"start":{"line":11,"column":18},"end":{"line":11,"column":47}},"5":{"start":{"line":12,"column":18},"end":{"line":12,"column":53}},"6":{"start":{"line":13,"column":4},"end":{"line":13,"column":null}},"7":{"start":{"line":17,"column":0},"end":{"line":17,"column":null}}},"fnMap":{"0":{"name":"createUsers","decl":{"start":{"line":8,"column":16},"end":{"line":8,"column":27}},"loc":{"start":{"line":8,"column":27},"end":{"line":14,"column":1}}}},"branchMap":{},"s":{"0":1,"1":1,"2":4,"3":4,"4":4,"5":4,"6":4,"7":1},"f":{"0":4},"b":{}}
,"/Users/joshcordero/Code/Misc/typescript_testing/src/__test__/helpers/login.ts": {"path":"/Users/joshcordero/Code/Misc/typescript_testing/src/__test__/helpers/login.ts","statementMap":{"0":{"start":{"line":5,"column":0},"end":{"line":5,"column":33}},"1":{"start":{"line":8,"column":15},"end":{"line":8,"column":19}},"2":{"start":{"line":9,"column":4},"end":{"line":16,"column":null}},"3":{"start":{"line":14,"column":12},"end":{"line":14,"column":53}},"4":{"start":{"line":15,"column":12},"end":{"line":15,"column":null}},"5":{"start":{"line":17,"column":4},"end":{"line":17,"column":null}},"6":{"start":{"line":20,"column":0},"end":{"line":20,"column":null}}},"fnMap":{"0":{"name":"login","decl":{"start":{"line":7,"column":15},"end":{"line":7,"column":20}},"loc":{"start":{"line":7,"column":30},"end":{"line":18,"column":1}}},"1":{"name":"(anonymous_2)","decl":{"start":{"line":13,"column":14},"end":{"line":13,"column":19}},"loc":{"start":{"line":13,"column":33},"end":{"line":16,"column":9}}}},"branchMap":{},"s":{"0":1,"1":20,"2":20,"3":20,"4":20,"5":20,"6":1},"f":{"0":20,"1":20},"b":{}}
,"/Users/joshcordero/Code/Misc/typescript_testing/src/__test__/model_data/companyExamples.ts": {"path":"/Users/joshcordero/Code/Misc/typescript_testing/src/__test__/model_data/companyExamples.ts","statementMap":{"0":{"start":{"line":5,"column":17},"end":{"line":7,"column":null}},"1":{"start":{"line":13,"column":8},"end":{"line":13,"column":16}},"2":{"start":{"line":9,"column":17},"end":{"line":11,"column":null}},"3":{"start":{"line":13,"column":18},"end":{"line":13,"column":26}}},"fnMap":{},"branchMap":{},"s":{"0":1,"1":1,"2":1,"3":1},"f":{},"b":{}}
,"/Users/joshcordero/Code/Misc/typescript_testing/src/__test__/model_data/userExamples.ts": {"path":"/Users/joshcordero/Code/Misc/typescript_testing/src/__test__/model_data/userExamples.ts","statementMap":{"0":{"start":{"line":5,"column":22},"end":{"line":10,"column":null}},"1":{"start":{"line":48,"column":63},"end":{"line":48,"column":76}},"2":{"start":{"line":12,"column":19},"end":{"line":19,"column":null}},"3":{"start":{"line":48,"column":9},"end":{"line":48,"column":19}},"4":{"start":{"line":21,"column":19},"end":{"line":28,"column":null}},"5":{"start":{"line":48,"column":21},"end":{"line":48,"column":31}},"6":{"start":{"line":30,"column":19},"end":{"line":37,"column":null}},"7":{"start":{"line":48,"column":33},"end":{"line":48,"column":43}},"8":{"start":{"line":39,"column":25},"end":{"line":46,"column":null}},"9":{"start":{"line":48,"column":45},"end":{"line":48,"column":61}}},"fnMap":{},"branchMap":{},"s":{"0":1,"1":1,"2":1,"3":1,"4":1,"5":1,"6":1,"7":1,"8":1,"9":1},"f":{},"b":{}}
,"/Users/joshcordero/Code/Misc/typescript_testing/src/__test__/routes_test/authTest.ts": {"path":"/Users/joshcordero/Code/Misc/typescript_testing/src/__test__/routes_test/authTest.ts","statementMap":{"0":{"start":{"line":5,"column":0},"end":{"line":5,"column":36}},"1":{"start":{"line":6,"column":0},"end":{"line":6,"column":94}},"2":{"start":{"line":7,"column":0},"end":{"line":7,"column":33}},"3":{"start":{"line":11,"column":4},"end":{"line":27,"column":null}},"4":{"start":{"line":13,"column":8},"end":{"line":13,"column":null}},"5":{"start":{"line":16,"column":8},"end":{"line":26,"column":null}},"6":{"start":{"line":22,"column":16},"end":{"line":22,"column":56}},"7":{"start":{"line":23,"column":16},"end":{"line":23,"column":72}},"8":{"start":{"line":24,"column":16},"end":{"line":24,"column":72}},"9":{"start":{"line":25,"column":16},"end":{"line":25,"column":57}},"10":{"start":{"line":29,"column":4},"end":{"line":102,"column":null}},"11":{"start":{"line":31,"column":24},"end":{"line":31,"column":28}},"12":{"start":{"line":33,"column":21},"end":{"line":33,"column":50}},"13":{"start":{"line":35,"column":21},"end":{"line":35,"column":31}},"14":{"start":{"line":38,"column":8},"end":{"line":48,"column":null}},"15":{"start":{"line":44,"column":16},"end":{"line":44,"column":66}},"16":{"start":{"line":45,"column":16},"end":{"line":45,"column":66}},"17":{"start":{"line":46,"column":16},"end":{"line":46,"column":57}},"18":{"start":{"line":47,"column":16},"end":{"line":47,"column":48}},"19":{"start":{"line":51,"column":8},"end":{"line":61,"column":null}},"20":{"start":{"line":57,"column":16},"end":{"line":57,"column":null}},"21":{"start":{"line":58,"column":16},"end":{"line":58,"column":null}},"22":{"start":{"line":59,"column":33},"end":{"line":59,"column":71}},"23":{"start":{"line":60,"column":16},"end":{"line":60,"column":null}},"24":{"start":{"line":63,"column":8},"end":{"line":72,"column":null}},"25":{"start":{"line":69,"column":12},"end":{"line":69,"column":null}},"26":{"start":{"line":70,"column":29},"end":{"line":70,"column":67}},"27":{"start":{"line":71,"column":12},"end":{"line":71,"column":null}},"28":{"start":{"line":74,"column":8},"end":{"line":78,"column":null}},"29":{"start":{"line":80,"column":22},"end":{"line":80,"column":51}},"30":{"start":{"line":82,"column":22},"end":{"line":82,"column":32}},"31":{"start":{"line":85,"column":8},"end":{"line":94,"column":null}},"32":{"start":{"line":90,"column":16},"end":{"line":90,"column":67}},"33":{"start":{"line":91,"column":16},"end":{"line":91,"column":67}},"34":{"start":{"line":92,"column":16},"end":{"line":92,"column":57}},"35":{"start":{"line":93,"column":16},"end":{"line":93,"column":48}},"36":{"start":{"line":96,"column":8},"end":{"line":100,"column":null}},"37":{"start":{"line":105,"column":0},"end":{"line":105,"column":null}}},"fnMap":{"0":{"name":"testAuth","decl":{"start":{"line":9,"column":9},"end":{"line":9,"column":17}},"loc":{"start":{"line":9,"column":21},"end":{"line":103,"column":1}}},"1":{"name":"(anonymous_2)","decl":{"start":{"line":11,"column":28},"end":{"line":11,"column":33}},"loc":{"start":{"line":11,"column":39},"end":{"line":27,"column":5}}},"2":{"name":"(anonymous_3)","decl":{"start":{"line":20,"column":18},"end":{"line":20,"column":23}},"loc":{"start":{"line":20,"column":37},"end":{"line":26,"column":13}}},"3":{"name":"(anonymous_4)","decl":{"start":{"line":29,"column":30},"end":{"line":29,"column":35}},"loc":{"start":{"line":29,"column":41},"end":{"line":102,"column":5}}},"4":{"name":"(anonymous_5)","decl":{"start":{"line":42,"column":18},"end":{"line":42,"column":23}},"loc":{"start":{"line":42,"column":37},"end":{"line":48,"column":13}}},"5":{"name":"(anonymous_6)","decl":{"start":{"line":56,"column":18},"end":{"line":56,"column":23}},"loc":{"start":{"line":56,"column":37},"end":{"line":61,"column":13}}},"6":{"name":"(anonymous_7)","decl":{"start":{"line":68,"column":14},"end":{"line":68,"column":19}},"loc":{"start":{"line":68,"column":33},"end":{"line":72,"column":9}}},"7":{"name":"(anonymous_8)","decl":{"start":{"line":89,"column":18},"end":{"line":89,"column":23}},"loc":{"start":{"line":89,"column":37},"end":{"line":94,"column":13}}}},"branchMap":{},"s":{"0":1,"1":1,"2":1,"3":1,"4":1,"5":1,"6":1,"7":1,"8":1,"9":1,"10":1,"11":1,"12":1,"13":1,"14":1,"15":1,"16":1,"17":1,"18":1,"19":1,"20":1,"21":1,"22":1,"23":1,"24":1,"25":1,"26":1,"27":1,"28":1,"29":1,"30":1,"31":1,"32":1,"33":1,"34":1,"35":1,"36":1,"37":1},"f":{"0":1,"1":1,"2":1,"3":1,"4":1,"5":1,"6":1,"7":1},"b":{}}
,"/Users/joshcordero/Code/Misc/typescript_testing/src/__test__/routes_test/companyTest.ts": {"path":"/Users/joshcordero/Code/Misc/typescript_testing/src/__test__/routes_test/companyTest.ts","statementMap":{"0":{"start":{"line":5,"column":0},"end":{"line":5,"column":42}},"1":{"start":{"line":6,"column":0},"end":{"line":6,"column":66}},"2":{"start":{"line":7,"column":0},"end":{"line":7,"column":33}},"3":{"start":{"line":8,"column":0},"end":{"line":8,"column":36}},"4":{"start":{"line":9,"column":0},"end":{"line":9,"column":46}},"5":{"start":{"line":11,"column":0},"end":{"line":11,"column":55}},"6":{"start":{"line":15,"column":17},"end":{"line":15,"column":43}},"7":{"start":{"line":16,"column":4},"end":{"line":16,"column":null}},"8":{"start":{"line":19,"column":14},"end":{"line":25,"column":null}},"9":{"start":{"line":27,"column":14},"end":{"line":32,"column":null}},"10":{"start":{"line":37,"column":4},"end":{"line":50,"column":null}},"11":{"start":{"line":40,"column":8},"end":{"line":49,"column":null}},"12":{"start":{"line":45,"column":16},"end":{"line":45,"column":null}},"13":{"start":{"line":46,"column":16},"end":{"line":46,"column":null}},"14":{"start":{"line":47,"column":33},"end":{"line":47,"column":74}},"15":{"start":{"line":48,"column":16},"end":{"line":48,"column":null}},"16":{"start":{"line":52,"column":4},"end":{"line":96,"column":7}},"17":{"start":{"line":53,"column":22},"end":{"line":53,"column":51}},"18":{"start":{"line":54,"column":22},"end":{"line":54,"column":51}},"19":{"start":{"line":55,"column":8},"end":{"line":55,"column":null}},"20":{"start":{"line":56,"column":8},"end":{"line":56,"column":null}},"21":{"start":{"line":57,"column":21},"end":{"line":57,"column":44}},"22":{"start":{"line":58,"column":21},"end":{"line":58,"column":44}},"23":{"start":{"line":59,"column":21},"end":{"line":59,"column":44}},"24":{"start":{"line":60,"column":22},"end":{"line":60,"column":45}},"25":{"start":{"line":62,"column":8},"end":{"line":62,"column":null}},"26":{"start":{"line":63,"column":22},"end":{"line":63,"column":50}},"27":{"start":{"line":65,"column":8},"end":{"line":72,"column":null}},"28":{"start":{"line":70,"column":16},"end":{"line":70,"column":null}},"29":{"start":{"line":71,"column":16},"end":{"line":71,"column":null}},"30":{"start":{"line":74,"column":8},"end":{"line":77,"column":null}},"31":{"start":{"line":79,"column":8},"end":{"line":86,"column":null}},"32":{"start":{"line":84,"column":16},"end":{"line":84,"column":null}},"33":{"start":{"line":85,"column":16},"end":{"line":85,"column":null}},"34":{"start":{"line":88,"column":8},"end":{"line":95,"column":null}},"35":{"start":{"line":93,"column":16},"end":{"line":93,"column":null}},"36":{"start":{"line":94,"column":16},"end":{"line":94,"column":null}},"37":{"start":{"line":98,"column":4},"end":{"line":144,"column":7}},"38":{"start":{"line":99,"column":22},"end":{"line":99,"column":51}},"39":{"start":{"line":100,"column":22},"end":{"line":100,"column":51}},"40":{"start":{"line":101,"column":8},"end":{"line":101,"column":null}},"41":{"start":{"line":102,"column":8},"end":{"line":102,"column":null}},"42":{"start":{"line":103,"column":21},"end":{"line":103,"column":44}},"43":{"start":{"line":104,"column":21},"end":{"line":104,"column":44}},"44":{"start":{"line":105,"column":21},"end":{"line":105,"column":44}},"45":{"start":{"line":106,"column":22},"end":{"line":106,"column":45}},"46":{"start":{"line":108,"column":8},"end":{"line":108,"column":null}},"47":{"start":{"line":109,"column":22},"end":{"line":109,"column":50}},"48":{"start":{"line":111,"column":8},"end":{"line":120,"column":null}},"49":{"start":{"line":117,"column":16},"end":{"line":117,"column":null}},"50":{"start":{"line":118,"column":30},"end":{"line":118,"column":66}},"51":{"start":{"line":119,"column":16},"end":{"line":119,"column":null}},"52":{"start":{"line":122,"column":8},"end":{"line":126,"column":null}},"53":{"start":{"line":128,"column":8},"end":{"line":132,"column":null}},"54":{"start":{"line":134,"column":8},"end":{"line":143,"column":null}},"55":{"start":{"line":140,"column":16},"end":{"line":140,"column":null}},"56":{"start":{"line":141,"column":30},"end":{"line":141,"column":63}},"57":{"start":{"line":142,"column":16},"end":{"line":142,"column":null}},"58":{"start":{"line":146,"column":4},"end":{"line":187,"column":7}},"59":{"start":{"line":147,"column":22},"end":{"line":147,"column":51}},"60":{"start":{"line":148,"column":22},"end":{"line":148,"column":51}},"61":{"start":{"line":149,"column":8},"end":{"line":149,"column":null}},"62":{"start":{"line":150,"column":8},"end":{"line":150,"column":null}},"63":{"start":{"line":151,"column":21},"end":{"line":151,"column":44}},"64":{"start":{"line":152,"column":21},"end":{"line":152,"column":44}},"65":{"start":{"line":153,"column":21},"end":{"line":153,"column":44}},"66":{"start":{"line":154,"column":22},"end":{"line":154,"column":45}},"67":{"start":{"line":156,"column":8},"end":{"line":156,"column":null}},"68":{"start":{"line":157,"column":22},"end":{"line":157,"column":50}},"69":{"start":{"line":159,"column":8},"end":{"line":162,"column":null}},"70":{"start":{"line":164,"column":8},"end":{"line":167,"column":null}},"71":{"start":{"line":169,"column":8},"end":{"line":176,"column":null}},"72":{"start":{"line":174,"column":30},"end":{"line":174,"column":66}},"73":{"start":{"line":175,"column":16},"end":{"line":175,"column":null}},"74":{"start":{"line":179,"column":8},"end":{"line":186,"column":null}},"75":{"start":{"line":184,"column":30},"end":{"line":184,"column":63}},"76":{"start":{"line":185,"column":16},"end":{"line":185,"column":null}},"77":{"start":{"line":193,"column":1},"end":{"line":193,"column":null}}},"fnMap":{"0":{"name":"createCompany","decl":{"start":{"line":14,"column":15},"end":{"line":14,"column":28}},"loc":{"start":{"line":14,"column":33},"end":{"line":17,"column":1}}},"1":{"name":"testCompanys","decl":{"start":{"line":35,"column":9},"end":{"line":35,"column":21}},"loc":{"start":{"line":35,"column":25},"end":{"line":189,"column":1}}},"2":{"name":"(anonymous_3)","decl":{"start":{"line":37,"column":30},"end":{"line":37,"column":35}},"loc":{"start":{"line":37,"column":41},"end":{"line":50,"column":5}}},"3":{"name":"(anonymous_4)","decl":{"start":{"line":44,"column":18},"end":{"line":44,"column":23}},"loc":{"start":{"line":44,"column":37},"end":{"line":49,"column":13}}},"4":{"name":"(anonymous_5)","decl":{"start":{"line":52,"column":33},"end":{"line":52,"column":38}},"loc":{"start":{"line":52,"column":44},"end":{"line":96,"column":5}}},"5":{"name":"(anonymous_6)","decl":{"start":{"line":69,"column":18},"end":{"line":69,"column":23}},"loc":{"start":{"line":69,"column":37},"end":{"line":72,"column":13}}},"6":{"name":"(anonymous_7)","decl":{"start":{"line":83,"column":18},"end":{"line":83,"column":23}},"loc":{"start":{"line":83,"column":37},"end":{"line":86,"column":13}}},"7":{"name":"(anonymous_8)","decl":{"start":{"line":92,"column":18},"end":{"line":92,"column":23}},"loc":{"start":{"line":92,"column":37},"end":{"line":95,"column":13}}},"8":{"name":"(anonymous_9)","decl":{"start":{"line":98,"column":33},"end":{"line":98,"column":38}},"loc":{"start":{"line":98,"column":44},"end":{"line":144,"column":5}}},"9":{"name":"(anonymous_10)","decl":{"start":{"line":116,"column":18},"end":{"line":116,"column":23}},"loc":{"start":{"line":116,"column":37},"end":{"line":120,"column":13}}},"10":{"name":"(anonymous_11)","decl":{"start":{"line":139,"column":18},"end":{"line":139,"column":23}},"loc":{"start":{"line":139,"column":37},"end":{"line":143,"column":13}}},"11":{"name":"(anonymous_12)","decl":{"start":{"line":146,"column":36},"end":{"line":146,"column":41}},"loc":{"start":{"line":146,"column":47},"end":{"line":187,"column":5}}},"12":{"name":"(anonymous_13)","decl":{"start":{"line":173,"column":18},"end":{"line":173,"column":23}},"loc":{"start":{"line":173,"column":29},"end":{"line":176,"column":13}}},"13":{"name":"(anonymous_14)","decl":{"start":{"line":183,"column":18},"end":{"line":183,"column":23}},"loc":{"start":{"line":183,"column":29},"end":{"line":186,"column":13}}}},"branchMap":{},"s":{"0":1,"1":1,"2":1,"3":1,"4":1,"5":1,"6":6,"7":6,"8":1,"9":1,"10":1,"11":1,"12":1,"13":1,"14":1,"15":1,"16":1,"17":1,"18":1,"19":1,"20":1,"21":1,"22":1,"23":1,"24":1,"25":1,"26":1,"27":1,"28":1,"29":1,"30":1,"31":1,"32":1,"33":1,"34":1,"35":1,"36":1,"37":1,"38":1,"39":1,"40":1,"41":1,"42":1,"43":1,"44":1,"45":1,"46":1,"47":1,"48":1,"49":1,"50":1,"51":1,"52":1,"53":1,"54":1,"55":1,"56":1,"57":1,"58":1,"59":1,"60":1,"61":1,"62":1,"63":1,"64":1,"65":1,"66":1,"67":1,"68":1,"69":1,"70":1,"71":1,"72":1,"73":1,"74":1,"75":1,"76":1,"77":1},"f":{"0":6,"1":1,"2":1,"3":1,"4":1,"5":1,"6":1,"7":1,"8":1,"9":1,"10":1,"11":1,"12":1,"13":1},"b":{}}
,"/Users/joshcordero/Code/Misc/typescript_testing/src/__test__/routes_test/usersTest.ts": {"path":"/Users/joshcordero/Code/Misc/typescript_testing/src/__test__/routes_test/usersTest.ts","statementMap":{"0":{"start":{"line":5,"column":1},"end":{"line":5,"column":37}},"1":{"start":{"line":6,"column":1},"end":{"line":6,"column":98}},"2":{"start":{"line":7,"column":1},"end":{"line":7,"column":34}},"3":{"start":{"line":8,"column":1},"end":{"line":8,"column":37}},"4":{"start":{"line":9,"column":1},"end":{"line":9,"column":49}},"5":{"start":{"line":14,"column":4},"end":{"line":57,"column":7}},"6":{"start":{"line":18,"column":47},"end":{"line":18,"column":66}},"7":{"start":{"line":19,"column":22},"end":{"line":19,"column":50}},"8":{"start":{"line":20,"column":22},"end":{"line":20,"column":50}},"9":{"start":{"line":21,"column":22},"end":{"line":21,"column":56}},"10":{"start":{"line":24,"column":8},"end":{"line":31,"column":null}},"11":{"start":{"line":29,"column":16},"end":{"line":29,"column":null}},"12":{"start":{"line":30,"column":16},"end":{"line":30,"column":null}},"13":{"start":{"line":34,"column":8},"end":{"line":41,"column":null}},"14":{"start":{"line":39,"column":12},"end":{"line":39,"column":null}},"15":{"start":{"line":40,"column":12},"end":{"line":40,"column":null}},"16":{"start":{"line":44,"column":8},"end":{"line":51,"column":null}},"17":{"start":{"line":49,"column":16},"end":{"line":49,"column":null}},"18":{"start":{"line":50,"column":16},"end":{"line":50,"column":null}},"19":{"start":{"line":54,"column":8},"end":{"line":56,"column":null}},"20":{"start":{"line":59,"column":4},"end":{"line":99,"column":7}},"21":{"start":{"line":60,"column":47},"end":{"line":60,"column":66}},"22":{"start":{"line":61,"column":22},"end":{"line":61,"column":50}},"23":{"start":{"line":62,"column":22},"end":{"line":62,"column":50}},"24":{"start":{"line":65,"column":8},"end":{"line":72,"column":null}},"25":{"start":{"line":70,"column":16},"end":{"line":70,"column":null}},"26":{"start":{"line":71,"column":16},"end":{"line":71,"column":null}},"27":{"start":{"line":75,"column":8},"end":{"line":82,"column":null}},"28":{"start":{"line":80,"column":16},"end":{"line":80,"column":null}},"29":{"start":{"line":81,"column":16},"end":{"line":81,"column":null}},"30":{"start":{"line":85,"column":8},"end":{"line":88,"column":null}},"31":{"start":{"line":91,"column":8},"end":{"line":98,"column":null}},"32":{"start":{"line":96,"column":12},"end":{"line":96,"column":null}},"33":{"start":{"line":97,"column":12},"end":{"line":97,"column":null}},"34":{"start":{"line":101,"column":4},"end":{"line":151,"column":7}},"35":{"start":{"line":102,"column":47},"end":{"line":102,"column":66}},"36":{"start":{"line":103,"column":23},"end":{"line":103,"column":51}},"37":{"start":{"line":104,"column":23},"end":{"line":104,"column":51}},"38":{"start":{"line":105,"column":23},"end":{"line":105,"column":51}},"39":{"start":{"line":108,"column":8},"end":{"line":115,"column":null}},"40":{"start":{"line":114,"column":16},"end":{"line":114,"column":null}},"41":{"start":{"line":118,"column":8},"end":{"line":127,"column":null}},"42":{"start":{"line":124,"column":12},"end":{"line":124,"column":null}},"43":{"start":{"line":125,"column":26},"end":{"line":125,"column":55}},"44":{"start":{"line":126,"column":12},"end":{"line":126,"column":null}},"45":{"start":{"line":129,"column":8},"end":{"line":138,"column":null}},"46":{"start":{"line":135,"column":12},"end":{"line":135,"column":null}},"47":{"start":{"line":136,"column":26},"end":{"line":136,"column":55}},"48":{"start":{"line":137,"column":12},"end":{"line":137,"column":null}},"49":{"start":{"line":141,"column":8},"end":{"line":149,"column":null}},"50":{"start":{"line":147,"column":26},"end":{"line":147,"column":55}},"51":{"start":{"line":148,"column":12},"end":{"line":148,"column":57}},"52":{"start":{"line":153,"column":4},"end":{"line":211,"column":null}},"53":{"start":{"line":154,"column":47},"end":{"line":154,"column":66}},"54":{"start":{"line":155,"column":23},"end":{"line":155,"column":51}},"55":{"start":{"line":156,"column":23},"end":{"line":156,"column":51}},"56":{"start":{"line":157,"column":23},"end":{"line":157,"column":51}},"57":{"start":{"line":160,"column":8},"end":{"line":167,"column":null}},"58":{"start":{"line":165,"column":30},"end":{"line":165,"column":59}},"59":{"start":{"line":166,"column":16},"end":{"line":166,"column":43}},"60":{"start":{"line":170,"column":8},"end":{"line":177,"column":null}},"61":{"start":{"line":175,"column":26},"end":{"line":175,"column":55}},"62":{"start":{"line":176,"column":12},"end":{"line":176,"column":39}},"63":{"start":{"line":180,"column":8},"end":{"line":187,"column":null}},"64":{"start":{"line":185,"column":26},"end":{"line":185,"column":55}},"65":{"start":{"line":186,"column":12},"end":{"line":186,"column":39}},"66":{"start":{"line":190,"column":8},"end":{"line":198,"column":null}},"67":{"start":{"line":195,"column":12},"end":{"line":195,"column":63}},"68":{"start":{"line":196,"column":26},"end":{"line":196,"column":55}},"69":{"start":{"line":197,"column":12},"end":{"line":197,"column":38}},"70":{"start":{"line":201,"column":8},"end":{"line":209,"column":null}},"71":{"start":{"line":206,"column":12},"end":{"line":206,"column":69}},"72":{"start":{"line":207,"column":26},"end":{"line":207,"column":55}},"73":{"start":{"line":208,"column":12},"end":{"line":208,"column":38}},"74":{"start":{"line":214,"column":1},"end":{"line":214,"column":null}}},"fnMap":{"0":{"name":"testUsers","decl":{"start":{"line":12,"column":9},"end":{"line":12,"column":18}},"loc":{"start":{"line":12,"column":22},"end":{"line":212,"column":1}}},"1":{"name":"(anonymous_2)","decl":{"start":{"line":14,"column":27},"end":{"line":14,"column":32}},"loc":{"start":{"line":14,"column":38},"end":{"line":57,"column":5}}},"2":{"name":"(anonymous_3)","decl":{"start":{"line":28,"column":18},"end":{"line":28,"column":23}},"loc":{"start":{"line":28,"column":37},"end":{"line":31,"column":13}}},"3":{"name":"(anonymous_4)","decl":{"start":{"line":38,"column":14},"end":{"line":38,"column":19}},"loc":{"start":{"line":38,"column":33},"end":{"line":41,"column":9}}},"4":{"name":"(anonymous_5)","decl":{"start":{"line":48,"column":18},"end":{"line":48,"column":23}},"loc":{"start":{"line":48,"column":37},"end":{"line":51,"column":13}}},"5":{"name":"(anonymous_6)","decl":{"start":{"line":59,"column":31},"end":{"line":59,"column":36}},"loc":{"start":{"line":59,"column":42},"end":{"line":99,"column":5}}},"6":{"name":"(anonymous_7)","decl":{"start":{"line":69,"column":18},"end":{"line":69,"column":23}},"loc":{"start":{"line":69,"column":37},"end":{"line":72,"column":13}}},"7":{"name":"(anonymous_8)","decl":{"start":{"line":79,"column":18},"end":{"line":79,"column":23}},"loc":{"start":{"line":79,"column":37},"end":{"line":82,"column":13}}},"8":{"name":"(anonymous_9)","decl":{"start":{"line":95,"column":14},"end":{"line":95,"column":19}},"loc":{"start":{"line":95,"column":33},"end":{"line":98,"column":9}}},"9":{"name":"(anonymous_10)","decl":{"start":{"line":101,"column":31},"end":{"line":101,"column":36}},"loc":{"start":{"line":101,"column":42},"end":{"line":151,"column":5}}},"10":{"name":"(anonymous_11)","decl":{"start":{"line":113,"column":19},"end":{"line":113,"column":24}},"loc":{"start":{"line":113,"column":29},"end":{"line":115,"column":13}}},"11":{"name":"(anonymous_12)","decl":{"start":{"line":123,"column":14},"end":{"line":123,"column":19}},"loc":{"start":{"line":123,"column":33},"end":{"line":127,"column":9}}},"12":{"name":"(anonymous_13)","decl":{"start":{"line":134,"column":14},"end":{"line":134,"column":19}},"loc":{"start":{"line":134,"column":33},"end":{"line":138,"column":9}}},"13":{"name":"(anonymous_14)","decl":{"start":{"line":146,"column":14},"end":{"line":146,"column":19}},"loc":{"start":{"line":146,"column":25},"end":{"line":149,"column":9}}},"14":{"name":"(anonymous_15)","decl":{"start":{"line":153,"column":34},"end":{"line":153,"column":39}},"loc":{"start":{"line":153,"column":45},"end":{"line":211,"column":5}}},"15":{"name":"(anonymous_16)","decl":{"start":{"line":164,"column":19},"end":{"line":164,"column":24}},"loc":{"start":{"line":164,"column":29},"end":{"line":167,"column":13}}},"16":{"name":"(anonymous_17)","decl":{"start":{"line":174,"column":15},"end":{"line":174,"column":20}},"loc":{"start":{"line":174,"column":25},"end":{"line":177,"column":9}}},"17":{"name":"(anonymous_18)","decl":{"start":{"line":184,"column":15},"end":{"line":184,"column":20}},"loc":{"start":{"line":184,"column":26},"end":{"line":187,"column":9}}},"18":{"name":"(anonymous_19)","decl":{"start":{"line":194,"column":15},"end":{"line":194,"column":20}},"loc":{"start":{"line":194,"column":34},"end":{"line":198,"column":9}}},"19":{"name":"(anonymous_20)","decl":{"start":{"line":205,"column":15},"end":{"line":205,"column":20}},"loc":{"start":{"line":205,"column":34},"end":{"line":209,"column":9}}}},"branchMap":{},"s":{"0":1,"1":1,"2":1,"3":1,"4":1,"5":1,"6":1,"7":1,"8":1,"9":1,"10":1,"11":1,"12":1,"13":1,"14":1,"15":1,"16":1,"17":1,"18":1,"19":1,"20":1,"21":1,"22":1,"23":1,"24":1,"25":1,"26":1,"27":1,"28":1,"29":1,"30":1,"31":1,"32":1,"33":1,"34":1,"35":1,"36":1,"37":1,"38":1,"39":1,"40":1,"41":1,"42":1,"43":1,"44":1,"45":1,"46":1,"47":1,"48":1,"49":1,"50":1,"51":1,"52":1,"53":1,"54":1,"55":1,"56":1,"57":1,"58":1,"59":1,"60":1,"61":1,"62":1,"63":1,"64":1,"65":1,"66":1,"67":1,"68":1,"69":1,"70":1,"71":1,"72":1,"73":1,"74":1},"f":{"0":1,"1":1,"2":1,"3":1,"4":1,"5":1,"6":1,"7":1,"8":1,"9":1,"10":1,"11":1,"12":1,"13":1,"14":1,"15":1,"16":1,"17":1,"18":1,"19":1},"b":{}}
[...]
,"/Users/joshcordero/Code/Misc/typescript_testing/src/middleWare/permissionLevel.ts": {"path":"/Users/joshcordero/Code/Misc/typescript_testing/src/middleWare/permissionLevel.ts","statementMap":{"0":{"start":{"line":9,"column":4},"end":{"line":11,"column":16}},"1":{"start":{"line":9,"column":37},"end":{"line":9,"column":85}},"2":{"start":{"line":10,"column":9},"end":{"line":11,"column":16}},"3":{"start":{"line":10,"column":98},"end":{"line":10,"column":146}},"4":{"start":{"line":11,"column":9},"end":{"line":11,"column":16}},"5":{"start":{"line":14,"column":0},"end":{"line":14,"column":null}}},"fnMap":{"0":{"name":"permissionLevel","decl":{"start":{"line":8,"column":9},"end":{"line":8,"column":24}},"loc":{"start":{"line":8,"column":39},"end":{"line":12,"column":3}}}},"branchMap":{"0":{"loc":{"start":{"line":9,"column":4},"end":{"line":11,"column":16}},"type":"if","locations":[{"start":{"line":9,"column":4},"end":{"line":11,"column":16}},{"start":{"line":10,"column":9},"end":{"line":11,"column":16}}]},"1":{"loc":{"start":{"line":10,"column":9},"end":{"line":11,"column":16}},"type":"if","locations":[{"start":{"line":10,"column":9},"end":{"line":11,"column":16}},{"start":{"line":11,"column":9},"end":{"line":11,"column":16}}]},"2":{"loc":{"start":{"line":10,"column":12},"end":{"line":10,"column":96}},"type":"binary-expr","locations":[{"start":{"line":10,"column":12},"end":{"line":10,"column":41}},{"start":{"line":10,"column":45},"end":{"line":10,"column":96}}]}},"s":{"0":21,"1":5,"2":16,"3":1,"4":15,"5":1},"f":{"0":21},"b":{"0":[5,16],"1":[1,15],"2":[16,2]}}
,"/Users/joshcordero/Code/Misc/typescript_testing/src/middleWare/setCompany.ts": {"path":"/Users/joshcordero/Code/Misc/typescript_testing/src/middleWare/setCompany.ts","statementMap":{"0":{"start":{"line":8,"column":4},"end":{"line":12,"column":null}},"1":{"start":{"line":8,"column":62},"end":{"line":8,"column":69}},"2":{"start":{"line":10,"column":8},"end":{"line":10,"column":44}},"3":{"start":{"line":11,"column":8},"end":{"line":11,"column":null}},"4":{"start":{"line":15,"column":0},"end":{"line":15,"column":null}}},"fnMap":{"0":{"name":"setCompany","decl":{"start":{"line":7,"column":9},"end":{"line":7,"column":19}},"loc":{"start":{"line":7,"column":34},"end":{"line":13,"column":3}}}},"branchMap":{"0":{"loc":{"start":{"line":8,"column":4},"end":{"line":12,"column":null}},"type":"if","locations":[{"start":{"line":8,"column":4},"end":{"line":12,"column":null}},{"start":{"line":9,"column":8},"end":{"line":12,"column":null}}]},"1":{"loc":{"start":{"line":8,"column":7},"end":{"line":8,"column":60}},"type":"binary-expr","locations":[{"start":{"line":8,"column":7},"end":{"line":8,"column":35}},{"start":{"line":8,"column":39},"end":{"line":8,"column":60}}]}},"s":{"0":2,"1":0,"2":2,"3":2,"4":1},"f":{"0":2},"b":{"0":[0,2],"1":[2,0]}}
,"/Users/joshcordero/Code/Misc/typescript_testing/src/models/company.ts": {"path":"/Users/joshcordero/Code/Misc/typescript_testing/src/models/company.ts","statementMap":{"0":{"start":{"line":5,"column":0},"end":{"line":5,"column":41}},"1":{"start":{"line":12,"column":22},"end":{"line":26,"column":2}},"2":{"start":{"line":28,"column":16},"end":{"line":28,"column":47}},"3":{"start":{"line":30,"column":0},"end":{"line":30,"column":23}}},"fnMap":{},"branchMap":{},"s":{"0":1,"1":1,"2":1,"3":1},"f":{},"b":{}}
,"/Users/joshcordero/Code/Misc/typescript_testing/src/models/user.ts": {"path":"/Users/joshcordero/Code/Misc/typescript_testing/src/models/user.ts","statementMap":{"0":{"start":{"line":6,"column":0},"end":{"line":6,"column":41}},"1":{"start":{"line":7,"column":0},"end":{"line":7,"column":28}},"2":{"start":{"line":18,"column":25},"end":{"line":18,"column":61}},"3":{"start":{"line":20,"column":19},"end":{"line":57,"column":2}},"4":{"start":{"line":59,"column":0},"end":{"line":63,"column":null}},"5":{"start":{"line":60,"column":4},"end":{"line":60,"column":51}},"6":{"start":{"line":60,"column":37},"end":{"line":60,"column":51}},"7":{"start":{"line":61,"column":19},"end":{"line":61,"column":69}},"8":{"start":{"line":62,"column":4},"end":{"line":62,"column":27}},"9":{"start":{"line":65,"column":0},"end":{"line":69,"column":2}},"10":{"start":{"line":66,"column":19},"end":{"line":66,"column":69}},"11":{"start":{"line":67,"column":4},"end":{"line":67,"column":27}},"12":{"start":{"line":68,"column":4},"end":{"line":68,"column":11}},"13":{"start":{"line":71,"column":0},"end":{"line":74,"column":2}},"14":{"start":{"line":72,"column":17},"end":{"line":72,"column":58}},"15":{"start":{"line":73,"column":4},"end":{"line":73,"column":16}},"16":{"start":{"line":76,"column":13},"end":{"line":76,"column":38}},"17":{"start":{"line":78,"column":0},"end":{"line":78,"column":20}}},"fnMap":{"0":{"name":"(anonymous_1)","decl":{"start":{"line":59,"column":23},"end":{"line":59,"column":28}},"loc":{"start":{"line":59,"column":42},"end":{"line":63,"column":1}}},"1":{"name":"(anonymous_2)","decl":{"start":{"line":65,"column":37},"end":{"line":65,"column":42}},"loc":{"start":{"line":65,"column":70},"end":{"line":69,"column":1}}},"2":{"name":"(anonymous_3)","decl":{"start":{"line":71,"column":38},"end":{"line":71,"column":43}},"loc":{"start":{"line":71,"column":65},"end":{"line":74,"column":1}}}},"branchMap":{"0":{"loc":{"start":{"line":60,"column":4},"end":{"line":60,"column":51}},"type":"if","locations":[{"start":{"line":60,"column":4},"end":{"line":60,"column":51}}]}},"s":{"0":1,"1":1,"2":1,"3":1,"4":1,"5":30,"6":0,"7":30,"8":30,"9":1,"10":0,"11":0,"12":0,"13":1,"14":23,"15":23,"16":1,"17":1},"f":{"0":30,"1":0,"2":23},"b":{"0":[0]}}
,"/Users/joshcordero/Code/Misc/typescript_testing/src/router/auth.ts": {"path":"/Users/joshcordero/Code/Misc/typescript_testing/src/router/auth.ts","statementMap":{"0":{"start":{"line":5,"column":0},"end":{"line":5,"column":30}},"1":{"start":{"line":6,"column":0},"end":{"line":6,"column":33}},"2":{"start":{"line":8,"column":0},"end":{"line":8,"column":60}},"3":{"start":{"line":9,"column":0},"end":{"line":9,"column":60}},"4":{"start":{"line":10,"column":0},"end":{"line":10,"column":50}},"5":{"start":{"line":12,"column":0},"end":{"line":12,"column":60}},"6":{"start":{"line":14,"column":15},"end":{"line":14,"column":31}},"7":{"start":{"line":16,"column":0},"end":{"line":20,"column":3}},"8":{"start":{"line":17,"column":4},"end":{"line":19,"column":19}},"9":{"start":{"line":18,"column":8},"end":{"line":18,"column":23}},"10":{"start":{"line":22,"column":0},"end":{"line":32,"column":3}},"11":{"start":{"line":23,"column":4},"end":{"line":31,"column":19}},"12":{"start":{"line":24,"column":8},"end":{"line":30,"column":null}},"13":{"start":{"line":25,"column":26},"end":{"line":25,"column":123}},"14":{"start":{"line":26,"column":12},"end":{"line":26,"column":43}},"15":{"start":{"line":29,"column":12},"end":{"line":29,"column":59}},"16":{"start":{"line":34,"column":0},"end":{"line":34,"column":null}}},"fnMap":{"0":{"name":"(anonymous_1)","decl":{"start":{"line":16,"column":72},"end":{"line":16,"column":73}},"loc":{"start":{"line":16,"column":88},"end":{"line":20,"column":1}}},"1":{"name":"(anonymous_2)","decl":{"start":{"line":17,"column":31},"end":{"line":17,"column":32}},"loc":{"start":{"line":17,"column":39},"end":{"line":19,"column":5}}},"2":{"name":"(anonymous_3)","decl":{"start":{"line":22,"column":22},"end":{"line":22,"column":23}},"loc":{"start":{"line":22,"column":38},"end":{"line":32,"column":1}}},"3":{"name":"(anonymous_4)","decl":{"start":{"line":23,"column":50},"end":{"line":23,"column":55}},"loc":{"start":{"line":23,"column":64},"end":{"line":31,"column":5}}}},"branchMap":{"0":{"loc":{"start":{"line":24,"column":8},"end":{"line":30,"column":null}},"type":"if","locations":[{"start":{"line":24,"column":8},"end":{"line":30,"column":null}},{"start":{"line":28,"column":12},"end":{"line":30,"column":null}}]},"1":{"loc":{"start":{"line":24,"column":11},"end":{"line":24,"column":65}},"type":"binary-expr","locations":[{"start":{"line":24,"column":11},"end":{"line":24,"column":15}},{"start":{"line":24,"column":19},"end":{"line":24,"column":65}}]}},"s":{"0":1,"1":1,"2":1,"3":1,"4":1,"5":1,"6":1,"7":1,"8":2,"9":2,"10":1,"11":23,"12":23,"13":23,"14":23,"15":0,"16":1},"f":{"0":2,"1":2,"2":23,"3":23},"b":{"0":[23,0],"1":[23,23]}}
,"/Users/joshcordero/Code/Misc/typescript_testing/src/router/company.ts": {"path":"/Users/joshcordero/Code/Misc/typescript_testing/src/router/company.ts","statementMap":{"0":{"start":{"line":5,"column":0},"end":{"line":5,"column":30}},"1":{"start":{"line":6,"column":0},"end":{"line":6,"column":40}},"2":{"start":{"line":8,"column":0},"end":{"line":8,"column":60}},"3":{"start":{"line":9,"column":0},"end":{"line":9,"column":54}},"4":{"start":{"line":10,"column":0},"end":{"line":10,"column":60}},"5":{"start":{"line":12,"column":15},"end":{"line":12,"column":31}},"6":{"start":{"line":15,"column":0},"end":{"line":19,"column":3}},"7":{"start":{"line":16,"column":4},"end":{"line":18,"column":19}},"8":{"start":{"line":17,"column":8},"end":{"line":17,"column":26}},"9":{"start":{"line":21,"column":0},"end":{"line":26,"column":3}},"10":{"start":{"line":22,"column":4},"end":{"line":25,"column":19}},"11":{"start":{"line":23,"column":8},"end":{"line":24,"column":31}},"12":{"start":{"line":23,"column":21},"end":{"line":23,"column":76}},"13":{"start":{"line":24,"column":13},"end":{"line":24,"column":31}},"14":{"start":{"line":28,"column":0},"end":{"line":36,"column":3}},"15":{"start":{"line":29,"column":4},"end":{"line":35,"column":19}},"16":{"start":{"line":31,"column":8},"end":{"line":34,"column":11}},"17":{"start":{"line":32,"column":12},"end":{"line":33,"column":35}},"18":{"start":{"line":32,"column":25},"end":{"line":32,"column":80}},"19":{"start":{"line":33,"column":17},"end":{"line":33,"column":35}},"20":{"start":{"line":38,"column":0},"end":{"line":43,"column":3}},"21":{"start":{"line":39,"column":4},"end":{"line":42,"column":19}},"22":{"start":{"line":40,"column":8},"end":{"line":41,"column":31}},"23":{"start":{"line":40,"column":21},"end":{"line":40,"column":76}},"24":{"start":{"line":41,"column":13},"end":{"line":41,"column":31}},"25":{"start":{"line":45,"column":0},"end":{"line":45,"column":null}}},"fnMap":{"0":{"name":"(anonymous_1)","decl":{"start":{"line":15,"column":24},"end":{"line":15,"column":25}},"loc":{"start":{"line":15,"column":40},"end":{"line":19,"column":1}}},"1":{"name":"(anonymous_2)","decl":{"start":{"line":16,"column":34},"end":{"line":16,"column":35}},"loc":{"start":{"line":16,"column":45},"end":{"line":18,"column":5}}},"2":{"name":"(anonymous_3)","decl":{"start":{"line":21,"column":60},"end":{"line":21,"column":61}},"loc":{"start":{"line":21,"column":76},"end":{"line":26,"column":1}}},"3":{"name":"(anonymous_4)","decl":{"start":{"line":22,"column":48},"end":{"line":22,"column":49}},"loc":{"start":{"line":22,"column":60},"end":{"line":25,"column":5}}},"4":{"name":"(anonymous_5)","decl":{"start":{"line":28,"column":76},"end":{"line":28,"column":81}},"loc":{"start":{"line":28,"column":98},"end":{"line":36,"column":1}}},"5":{"name":"(anonymous_6)","decl":{"start":{"line":30,"column":34},"end":{"line":30,"column":36}},"loc":{"start":{"line":30,"column":38},"end":{"line":35,"column":5}}},"6":{"name":"(anonymous_7)","decl":{"start":{"line":31,"column":51},"end":{"line":31,"column":52}},"loc":{"start":{"line":31,"column":62},"end":{"line":34,"column":9}}},"7":{"name":"(anonymous_8)","decl":{"start":{"line":38,"column":79},"end":{"line":38,"column":80}},"loc":{"start":{"line":38,"column":95},"end":{"line":43,"column":1}}},"8":{"name":"(anonymous_9)","decl":{"start":{"line":39,"column":56},"end":{"line":39,"column":57}},"loc":{"start":{"line":39,"column":67},"end":{"line":42,"column":5}}}},"branchMap":{"0":{"loc":{"start":{"line":23,"column":8},"end":{"line":24,"column":31}},"type":"if","locations":[{"start":{"line":23,"column":8},"end":{"line":24,"column":31}},{"start":{"line":24,"column":13},"end":{"line":24,"column":31}}]},"1":{"loc":{"start":{"line":32,"column":12},"end":{"line":33,"column":35}},"type":"if","locations":[{"start":{"line":32,"column":12},"end":{"line":33,"column":35}},{"start":{"line":33,"column":17},"end":{"line":33,"column":35}}]},"2":{"loc":{"start":{"line":40,"column":8},"end":{"line":41,"column":31}},"type":"if","locations":[{"start":{"line":40,"column":8},"end":{"line":41,"column":31}},{"start":{"line":41,"column":13},"end":{"line":41,"column":31}}]}},"s":{"0":1,"1":1,"2":1,"3":1,"4":1,"5":1,"6":1,"7":1,"8":1,"9":1,"10":3,"11":3,"12":0,"13":3,"14":1,"15":2,"16":2,"17":2,"18":0,"19":2,"20":1,"21":2,"22":2,"23":0,"24":2,"25":1},"f":{"0":1,"1":1,"2":3,"3":3,"4":2,"5":2,"6":2,"7":2,"8":2},"b":{"0":[0,3],"1":[0,2],"2":[0,2]}}
,"/Users/joshcordero/Code/Misc/typescript_testing/src/router/users.ts": {"path":"/Users/joshcordero/Code/Misc/typescript_testing/src/router/users.ts","statementMap":{"0":{"start":{"line":5,"column":0},"end":{"line":5,"column":30}},"1":{"start":{"line":6,"column":0},"end":{"line":6,"column":33}},"2":{"start":{"line":8,"column":0},"end":{"line":8,"column":56}},"3":{"start":{"line":9,"column":0},"end":{"line":9,"column":60}},"4":{"start":{"line":10,"column":0},"end":{"line":10,"column":60}},"5":{"start":{"line":12,"column":15},"end":{"line":12,"column":31}},"6":{"start":{"line":14,"column":0},"end":{"line":21,"column":3}},"7":{"start":{"line":16,"column":17},"end":{"line":16,"column":83}},"8":{"start":{"line":18,"column":4},"end":{"line":20,"column":19}},"9":{"start":{"line":19,"column":8},"end":{"line":19,"column":24}},"10":{"start":{"line":23,"column":0},"end":{"line":31,"column":3}},"11":{"start":{"line":25,"column":17},"end":{"line":25,"column":123}},"12":{"start":{"line":27,"column":4},"end":{"line":30,"column":19}},"13":{"start":{"line":28,"column":8},"end":{"line":29,"column":null}},"14":{"start":{"line":28,"column":17},"end":{"line":28,"column":null}},"15":{"start":{"line":29,"column":13},"end":{"line":29,"column":null}},"16":{"start":{"line":33,"column":0},"end":{"line":44,"column":3}},"17":{"start":{"line":35,"column":17},"end":{"line":35,"column":123}},"18":{"start":{"line":37,"column":4},"end":{"line":37,"column":98}},"19":{"start":{"line":37,"column":31},"end":{"line":37,"column":98}},"20":{"start":{"line":38,"column":4},"end":{"line":43,"column":19}},"21":{"start":{"line":39,"column":8},"end":{"line":42,"column":11}},"22":{"start":{"line":40,"column":12},"end":{"line":41,"column":null}},"23":{"start":{"line":40,"column":21},"end":{"line":40,"column":null}},"24":{"start":{"line":41,"column":17},"end":{"line":41,"column":null}},"25":{"start":{"line":46,"column":0},"end":{"line":59,"column":3}},"26":{"start":{"line":48,"column":17},"end":{"line":48,"column":123}},"27":{"start":{"line":50,"column":4},"end":{"line":58,"column":19}},"28":{"start":{"line":51,"column":8},"end":{"line":57,"column":null}},"29":{"start":{"line":51,"column":18},"end":{"line":51,"column":null}},"30":{"start":{"line":52,"column":13},"end":{"line":57,"column":null}},"31":{"start":{"line":52,"column":65},"end":{"line":52,"column":null}},"32":{"start":{"line":54,"column":12},"end":{"line":56,"column":null}},"33":{"start":{"line":55,"column":16},"end":{"line":55,"column":null}},"34":{"start":{"line":61,"column":0},"end":{"line":61,"column":null}}},"fnMap":{"0":{"name":"(anonymous_1)","decl":{"start":{"line":14,"column":40},"end":{"line":14,"column":41}},"loc":{"start":{"line":14,"column":56},"end":{"line":21,"column":1}}},"1":{"name":"(anonymous_2)","decl":{"start":{"line":18,"column":25},"end":{"line":18,"column":26}},"loc":{"start":{"line":18,"column":34},"end":{"line":20,"column":5}}},"2":{"name":"(anonymous_3)","decl":{"start":{"line":23,"column":44},"end":{"line":23,"column":45}},"loc":{"start":{"line":23,"column":60},"end":{"line":31,"column":1}}},"3":{"name":"(anonymous_4)","decl":{"start":{"line":27,"column":28},"end":{"line":27,"column":29}},"loc":{"start":{"line":27,"column":37},"end":{"line":30,"column":5}}},"4":{"name":"(anonymous_5)","decl":{"start":{"line":33,"column":61},"end":{"line":33,"column":66}},"loc":{"start":{"line":33,"column":83},"end":{"line":44,"column":1}}},"5":{"name":"(anonymous_6)","decl":{"start":{"line":38,"column":46},"end":{"line":38,"column":48}},"loc":{"start":{"line":38,"column":50},"end":{"line":43,"column":5}}},"6":{"name":"(anonymous_7)","decl":{"start":{"line":39,"column":32},"end":{"line":39,"column":33}},"loc":{"start":{"line":39,"column":40},"end":{"line":42,"column":9}}},"7":{"name":"(anonymous_8)","decl":{"start":{"line":46,"column":64},"end":{"line":46,"column":65}},"loc":{"start":{"line":46,"column":80},"end":{"line":59,"column":1}}},"8":{"name":"(anonymous_9)","decl":{"start":{"line":50,"column":28},"end":{"line":50,"column":29}},"loc":{"start":{"line":50,"column":36},"end":{"line":58,"column":5}}},"9":{"name":"(anonymous_10)","decl":{"start":{"line":54,"column":45},"end":{"line":54,"column":46}},"loc":{"start":{"line":54,"column":53},"end":{"line":56,"column":13}}}},"branchMap":{"0":{"loc":{"start":{"line":16,"column":17},"end":{"line":16,"column":83}},"type":"cond-expr","locations":[{"start":{"line":16,"column":49},"end":{"line":16,"column":51}},{"start":{"line":16,"column":54},"end":{"line":16,"column":83}}]},"1":{"loc":{"start":{"line":25,"column":17},"end":{"line":25,"column":123}},"type":"cond-expr","locations":[{"start":{"line":25,"column":49},"end":{"line":25,"column":71}},{"start":{"line":25,"column":74},"end":{"line":25,"column":123}}]},"2":{"loc":{"start":{"line":28,"column":8},"end":{"line":29,"column":null}},"type":"if","locations":[{"start":{"line":28,"column":8},"end":{"line":29,"column":null}},{"start":{"line":29,"column":13},"end":{"line":29,"column":null}}]},"3":{"loc":{"start":{"line":35,"column":17},"end":{"line":35,"column":123}},"type":"cond-expr","locations":[{"start":{"line":35,"column":49},"end":{"line":35,"column":71}},{"start":{"line":35,"column":74},"end":{"line":35,"column":123}}]},"4":{"loc":{"start":{"line":37,"column":4},"end":{"line":37,"column":98}},"type":"if","locations":[{"start":{"line":37,"column":4},"end":{"line":37,"column":98}}]},"5":{"loc":{"start":{"line":40,"column":12},"end":{"line":41,"column":null}},"type":"if","locations":[{"start":{"line":40,"column":12},"end":{"line":41,"column":null}},{"start":{"line":41,"column":17},"end":{"line":41,"column":null}}]},"6":{"loc":{"start":{"line":48,"column":17},"end":{"line":48,"column":123}},"type":"cond-expr","locations":[{"start":{"line":48,"column":49},"end":{"line":48,"column":71}},{"start":{"line":48,"column":74},"end":{"line":48,"column":123}}]},"7":{"loc":{"start":{"line":51,"column":8},"end":{"line":57,"column":null}},"type":"if","locations":[{"start":{"line":51,"column":8},"end":{"line":57,"column":null}},{"start":{"line":52,"column":13},"end":{"line":57,"column":null}}]},"8":{"loc":{"start":{"line":52,"column":13},"end":{"line":57,"column":null}},"type":"if","locations":[{"start":{"line":52,"column":13},"end":{"line":57,"column":null}},{"start":{"line":53,"column":12},"end":{"line":57,"column":null}}]}},"s":{"0":1,"1":1,"2":1,"3":1,"4":1,"5":1,"6":1,"7":3,"8":3,"9":3,"10":1,"11":4,"12":4,"13":4,"14":3,"15":1,"16":1,"17":3,"18":3,"19":0,"20":3,"21":3,"22":3,"23":2,"24":1,"25":1,"26":4,"27":4,"28":4,"29":1,"30":3,"31":1,"32":2,"33":2,"34":1},"f":{"0":3,"1":3,"2":4,"3":4,"4":3,"5":3,"6":3,"7":4,"8":4,"9":2},"b":{"0":[1,2],"1":[1,3],"2":[3,1],"3":[1,2],"4":[0],"5":[2,1],"6":[1,3],"7":[1,3],"8":[1,2]}}
}
