TN:
SF:dist/__test__/server.js
FN:5,(anonymous_0)
FN:17,createServer
FN:25,(anonymous_2)
FN:28,(anonymous_3)
FNF:4
FNH:2
FNDA:5,(anonymous_0)
FNDA:1,createServer
FNDA:0,(anonymous_2)
FNDA:0,(anonymous_3)
DA:5,1
DA:6,5
DA:8,1
DA:9,1
DA:10,1
DA:11,1
DA:13,1
DA:14,1
DA:15,1
DA:16,1
DA:18,1
DA:19,1
DA:20,1
DA:22,1
DA:23,1
DA:24,1
DA:25,1
DA:26,0
DA:28,1
DA:29,0
DA:31,1
DA:33,1
LF:22
LH:20
BRDA:5,0,0,1
BRDA:5,0,1,1
BRDA:5,0,2,1
BRDA:6,1,0,3
BRDA:6,1,1,2
BRDA:6,2,0,5
BRDA:6,2,1,5
BRF:7
BRH:7
end_of_record
TN:
SF:dist/__test__/model_data/user_examples.js
FNF:0
FNH:0
DA:5,1
DA:6,1
DA:7,1
DA:15,1
DA:16,1
DA:24,1
DA:25,1
DA:33,1
LF:8
LH:8
BRF:0
BRH:0
end_of_record
TN:
SF:dist/helpers/encryption.js
FN:5,(anonymous_0)
FN:9,(anonymous_1)
FN:12,(anonymous_2)
FN:16,(anonymous_3)
FN:18,(anonymous_4)
FN:21,(anonymous_5)
FN:28,(anonymous_6)
FN:35,encryptPassword
FN:40,checkPassword
FN:45,generateAccessToken
FNF:10
FNH:6
FNDA:6,(anonymous_0)
FNDA:3,(anonymous_1)
FNDA:0,(anonymous_2)
FNDA:1,(anonymous_3)
FNDA:0,(anonymous_4)
FNDA:1,(anonymous_5)
FNDA:1,(anonymous_6)
FNDA:0,encryptPassword
FNDA:0,checkPassword
FNDA:3,generateAccessToken
DA:5,1
DA:6,6
DA:7,6
DA:8,6
DA:9,6
DA:11,6
DA:13,0
DA:14,0
DA:16,1
DA:17,1
DA:19,0
DA:21,1
DA:22,1
DA:23,1
DA:24,6
DA:25,1
DA:26,1
DA:28,1
DA:29,1
DA:31,1
DA:32,1
DA:33,1
DA:34,1
DA:36,0
DA:38,1
DA:41,0
DA:43,1
DA:46,3
DA:48,1
LF:29
LH:24
BRDA:5,0,0,1
BRDA:5,0,1,1
BRDA:5,0,2,1
BRDA:5,1,0,1
BRDA:5,1,1,0
BRDA:6,2,0,6
BRDA:6,2,1,0
BRDA:8,3,0,6
BRDA:8,3,1,0
BRDA:8,4,0,6
BRDA:8,4,1,6
BRDA:8,5,0,0
BRDA:8,5,1,6
BRDA:8,6,0,6
BRDA:8,6,1,0
BRDA:13,7,0,0
BRDA:13,7,1,0
BRDA:16,8,0,1
BRDA:16,8,1,1
BRDA:16,8,2,1
BRDA:16,9,0,1
BRDA:16,9,1,0
BRDA:21,10,0,1
BRDA:21,10,1,1
BRDA:21,10,2,1
BRDA:22,11,0,0
BRDA:22,11,1,1
BRDA:22,12,0,1
BRDA:22,12,1,1
BRDA:24,13,0,1
BRDA:24,13,1,0
BRDA:24,14,0,6
BRDA:24,14,1,0
BRDA:24,15,0,6
BRDA:24,15,1,6
BRDA:28,16,0,1
BRDA:28,16,1,1
BRDA:28,16,2,1
BRDA:29,17,0,0
BRDA:29,17,1,1
BRDA:29,18,0,1
BRDA:29,18,1,1
BRF:42
BRH:30
end_of_record
TN:
SF:dist/middleWare/authorization.js
FN:5,(anonymous_0)
FN:9,(anonymous_1)
FN:12,(anonymous_2)
FN:16,(anonymous_3)
FN:18,(anonymous_4)
FN:21,(anonymous_5)
FN:30,authenticateToken
FN:35,(anonymous_7)
FNF:8
FNH:6
FNDA:6,(anonymous_0)
FNDA:4,(anonymous_1)
FNDA:0,(anonymous_2)
FNDA:1,(anonymous_3)
FNDA:0,(anonymous_4)
FNDA:1,(anonymous_5)
FNDA:4,authenticateToken
FNDA:4,(anonymous_7)
DA:5,1
DA:6,6
DA:7,6
DA:8,6
DA:9,6
DA:11,6
DA:13,0
DA:14,0
DA:16,1
DA:17,1
DA:19,0
DA:21,1
DA:22,1
DA:23,1
DA:24,6
DA:25,1
DA:26,1
DA:28,1
DA:29,1
DA:31,4
DA:32,4
DA:33,4
DA:34,0
DA:35,4
DA:36,4
DA:37,0
DA:38,4
DA:39,4
DA:42,1
LF:29
LH:24
BRDA:5,0,0,1
BRDA:5,0,1,1
BRDA:5,0,2,1
BRDA:5,1,0,1
BRDA:5,1,1,0
BRDA:6,2,0,6
BRDA:6,2,1,0
BRDA:8,3,0,6
BRDA:8,3,1,0
BRDA:8,4,0,6
BRDA:8,4,1,6
BRDA:8,5,0,0
BRDA:8,5,1,6
BRDA:8,6,0,6
BRDA:8,6,1,0
BRDA:13,7,0,0
BRDA:13,7,1,0
BRDA:16,8,0,1
BRDA:16,8,1,1
BRDA:16,8,2,1
BRDA:16,9,0,1
BRDA:16,9,1,0
BRDA:21,10,0,1
BRDA:21,10,1,1
BRDA:21,10,2,1
BRDA:22,11,0,0
BRDA:22,11,1,1
BRDA:22,12,0,1
BRDA:22,12,1,1
BRDA:24,13,0,1
BRDA:24,13,1,0
BRDA:24,14,0,6
BRDA:24,14,1,0
BRDA:24,15,0,6
BRDA:24,15,1,6
BRDA:32,16,0,4
BRDA:32,16,1,4
BRDA:33,17,0,0
BRDA:33,17,1,4
BRDA:36,18,0,0
BRDA:36,18,1,4
BRF:41
BRH:28
end_of_record
TN:
SF:dist/middleWare/checkCompany.js
FN:6,checkCompany
FNF:1
FNH:0
FNDA:0,checkCompany
DA:5,1
DA:7,0
DA:8,0
DA:10,0
DA:13,1
LF:5
LH:2
BRDA:7,0,0,0
BRDA:7,0,1,0
BRDA:7,1,0,0
BRDA:7,1,1,0
BRF:4
BRH:0
end_of_record
TN:
SF:dist/middleWare/permissionLevel.js
FN:8,permissionLevel
FNF:1
FNH:1
FNDA:4,permissionLevel
DA:5,1
DA:9,4
DA:10,1
DA:11,3
DA:12,1
DA:14,2
DA:16,1
LF:7
LH:7
BRDA:9,0,0,1
BRDA:9,0,1,3
BRDA:11,1,0,1
BRDA:11,1,1,2
BRDA:11,2,0,3
BRDA:11,2,1,3
BRF:6
BRH:6
end_of_record
TN:
SF:dist/middleWare/setCompany.js
FN:7,setCompany
FNF:1
FNH:1
FNDA:2,setCompany
DA:5,1
DA:8,2
DA:9,0
DA:11,2
DA:12,2
DA:15,1
LF:6
LH:5
BRDA:8,0,0,0
BRDA:8,0,1,2
BRDA:8,1,0,2
BRDA:8,1,1,0
BRF:4
BRH:2
end_of_record
TN:
SF:dist/models/company.js
FNF:0
FNH:0
DA:5,1
DA:6,1
DA:7,1
DA:21,1
DA:22,1
LF:5
LH:5
BRF:0
BRH:0
end_of_record
TN:
SF:dist/models/user.js
FN:5,(anonymous_0)
FN:49,(anonymous_1)
FN:55,(anonymous_2)
FN:60,(anonymous_3)
FNF:4
FNH:3
FNDA:1,(anonymous_0)
FNDA:5,(anonymous_1)
FNDA:0,(anonymous_2)
FNDA:3,(anonymous_3)
DA:5,1
DA:6,1
DA:8,1
DA:9,1
DA:10,1
DA:11,1
DA:12,1
DA:49,1
DA:50,5
DA:51,0
DA:52,5
DA:53,5
DA:55,1
DA:56,0
DA:57,0
DA:58,0
DA:60,1
DA:61,3
DA:62,3
DA:64,1
DA:65,1
LF:21
LH:17
BRDA:5,0,0,1
BRDA:5,0,1,1
BRDA:5,0,2,1
BRDA:6,1,0,0
BRDA:6,1,1,1
BRDA:6,2,0,1
BRDA:6,2,1,1
BRDA:50,3,0,0
BRDA:50,3,1,5
BRF:9
BRH:7
end_of_record
TN:
SF:dist/router/auth.js
FN:5,(anonymous_0)
FN:16,(anonymous_1)
FN:17,(anonymous_2)
FN:21,(anonymous_3)
FN:22,(anonymous_4)
FNF:5
FNH:5
FNDA:5,(anonymous_0)
FNDA:2,(anonymous_1)
FNDA:2,(anonymous_2)
FNDA:3,(anonymous_3)
FNDA:3,(anonymous_4)
DA:5,1
DA:6,5
DA:8,1
DA:9,1
DA:10,1
DA:11,1
DA:12,1
DA:13,1
DA:14,1
DA:15,1
DA:16,1
DA:17,2
DA:18,2
DA:21,1
DA:22,3
DA:23,3
DA:24,3
DA:25,3
DA:28,0
DA:32,1
LF:20
LH:19
BRDA:5,0,0,1
BRDA:5,0,1,1
BRDA:5,0,2,1
BRDA:6,1,0,4
BRDA:6,1,1,1
BRDA:6,2,0,5
BRDA:6,2,1,5
BRDA:23,3,0,3
BRDA:23,3,1,0
BRDA:23,4,0,3
BRDA:23,4,1,3
BRF:11
BRH:10
end_of_record
TN:
SF:dist/router/company.js
FN:5,(anonymous_0)
FN:15,(anonymous_1)
FN:16,(anonymous_2)
FN:20,(anonymous_3)
FN:21,(anonymous_4)
FN:28,(anonymous_5)
FN:29,(anonymous_6)
FN:30,(anonymous_7)
FN:38,(anonymous_8)
FN:39,(anonymous_9)
FNF:10
FNH:1
FNDA:5,(anonymous_0)
FNDA:0,(anonymous_1)
FNDA:0,(anonymous_2)
FNDA:0,(anonymous_3)
FNDA:0,(anonymous_4)
FNDA:0,(anonymous_5)
FNDA:0,(anonymous_6)
FNDA:0,(anonymous_7)
FNDA:0,(anonymous_8)
FNDA:0,(anonymous_9)
DA:5,1
DA:6,5
DA:8,1
DA:9,1
DA:10,1
DA:11,1
DA:12,1
DA:13,1
DA:14,1
DA:15,1
DA:16,0
DA:17,0
DA:20,1
DA:21,0
DA:22,0
DA:23,0
DA:25,0
DA:28,1
DA:29,0
DA:30,0
DA:31,0
DA:32,0
DA:34,0
DA:38,1
DA:39,0
DA:40,0
DA:41,0
DA:43,0
DA:46,1
LF:29
LH:14
BRDA:5,0,0,1
BRDA:5,0,1,1
BRDA:5,0,2,1
BRDA:6,1,0,4
BRDA:6,1,1,1
BRDA:6,2,0,5
BRDA:6,2,1,5
BRDA:22,3,0,0
BRDA:22,3,1,0
BRDA:31,4,0,0
BRDA:31,4,1,0
BRDA:40,5,0,0
BRDA:40,5,1,0
BRF:13
BRH:7
end_of_record
TN:
SF:dist/router/users.js
FN:5,(anonymous_0)
FN:15,(anonymous_1)
FN:17,(anonymous_2)
FN:21,(anonymous_3)
FN:23,(anonymous_4)
FN:30,(anonymous_5)
FN:34,(anonymous_6)
FN:35,(anonymous_7)
FN:43,(anonymous_8)
FN:45,(anonymous_9)
FNF:10
FNH:1
FNDA:4,(anonymous_0)
FNDA:0,(anonymous_1)
FNDA:0,(anonymous_2)
FNDA:0,(anonymous_3)
FNDA:0,(anonymous_4)
FNDA:0,(anonymous_5)
FNDA:0,(anonymous_6)
FNDA:0,(anonymous_7)
FNDA:0,(anonymous_8)
FNDA:0,(anonymous_9)
DA:5,1
DA:6,4
DA:8,1
DA:9,1
DA:10,1
DA:11,1
DA:12,1
DA:13,1
DA:14,1
DA:15,1
DA:16,0
DA:17,0
DA:18,0
DA:21,1
DA:22,0
DA:23,0
DA:24,0
DA:25,0
DA:27,0
DA:30,1
DA:31,0
DA:32,0
DA:33,0
DA:34,0
DA:35,0
DA:36,0
DA:37,0
DA:39,0
DA:43,1
DA:44,0
DA:45,0
DA:46,0
DA:47,0
DA:49,0
DA:52,1
LF:35
LH:14
BRDA:5,0,0,1
BRDA:5,0,1,1
BRDA:5,0,2,1
BRDA:6,1,0,3
BRDA:6,1,1,1
BRDA:6,2,0,4
BRDA:6,2,1,4
BRDA:16,3,0,0
BRDA:16,3,1,0
BRDA:22,4,0,0
BRDA:22,4,1,0
BRDA:24,5,0,0
BRDA:24,5,1,0
BRDA:31,6,0,0
BRDA:31,6,1,0
BRDA:32,7,0,0
BRDA:32,7,1,0
BRDA:36,8,0,0
BRDA:36,8,1,0
BRDA:44,9,0,0
BRDA:44,9,1,0
BRDA:46,10,0,0
BRDA:46,10,1,0
BRF:23
BRH:7
end_of_record
TN:
SF:src/__test__/server.ts
FN:18,createServer
FN:30,(anonymous_2)
FN:34,(anonymous_3)
FNF:3
FNH:1
FNDA:1,createServer
FNDA:0,(anonymous_2)
FNDA:0,(anonymous_3)
DA:6,1
DA:7,1
DA:9,1
DA:12,1
DA:14,1
DA:15,1
DA:16,1
DA:19,1
DA:21,1
DA:23,1
DA:26,1
DA:27,1
DA:28,1
DA:30,1
DA:31,0
DA:34,1
DA:35,0
DA:38,1
DA:41,1
LF:19
LH:17
BRF:0
BRH:0
end_of_record
TN:
SF:src/__test__/helpers/createUser.ts
FN:7,createUser
FNF:1
FNH:1
FNDA:9,createUser
DA:5,1
DA:8,9
DA:9,9
DA:13,1
LF:4
LH:4
BRF:0
BRH:0
end_of_record
TN:
SF:src/__test__/helpers/createUsers.ts
FN:8,createUsers
FNF:1
FNH:1
FNDA:4,createUsers
DA:5,1
DA:6,1
DA:9,4
DA:10,4
DA:11,4
DA:12,4
DA:13,4
DA:17,1
LF:8
LH:8
BRF:0
BRH:0
end_of_record
TN:
SF:src/__test__/helpers/login.ts
FN:7,login
FN:13,(anonymous_2)
FNF:2
FNH:2
FNDA:20,login
FNDA:20,(anonymous_2)
DA:5,1
DA:8,20
DA:9,20
DA:14,20
DA:15,20
DA:17,20
DA:20,1
LF:7
LH:7
BRF:0
BRH:0
end_of_record
TN:
SF:src/__test__/model_data/companyExamples.ts
FNF:0
FNH:0
DA:5,1
DA:9,1
DA:13,1
LF:3
LH:3
BRF:0
BRH:0
end_of_record
TN:
SF:src/__test__/model_data/userExamples.ts
FNF:0
FNH:0
DA:5,1
DA:12,1
DA:21,1
DA:30,1
DA:39,1
DA:48,1
LF:6
LH:6
BRF:0
BRH:0
end_of_record
TN:
SF:src/__test__/routes_test/authTest.ts
FN:9,testAuth
FN:11,(anonymous_2)
FN:20,(anonymous_3)
FN:29,(anonymous_4)
FN:42,(anonymous_5)
FN:56,(anonymous_6)
FN:68,(anonymous_7)
FN:89,(anonymous_8)
FNF:8
FNH:8
FNDA:1,testAuth
FNDA:1,(anonymous_2)
FNDA:1,(anonymous_3)
FNDA:1,(anonymous_4)
FNDA:1,(anonymous_5)
FNDA:1,(anonymous_6)
FNDA:1,(anonymous_7)
FNDA:1,(anonymous_8)
DA:5,1
DA:6,1
DA:7,1
DA:11,1
DA:13,1
DA:16,1
DA:22,1
DA:23,1
DA:24,1
DA:25,1
DA:29,1
DA:31,1
DA:33,1
DA:35,1
DA:38,1
DA:44,1
DA:45,1
DA:46,1
DA:47,1
DA:51,1
DA:57,1
DA:58,1
DA:59,1
DA:60,1
DA:63,1
DA:69,1
DA:70,1
DA:71,1
DA:74,1
DA:80,1
DA:82,1
DA:85,1
DA:90,1
DA:91,1
DA:92,1
DA:93,1
DA:96,1
DA:105,1
LF:38
LH:38
BRF:0
BRH:0
end_of_record
TN:
SF:src/__test__/routes_test/companyTest.ts
FN:14,createCompany
FN:35,testCompanys
FN:37,(anonymous_3)
FN:44,(anonymous_4)
FN:52,(anonymous_5)
FN:69,(anonymous_6)
FN:83,(anonymous_7)
FN:92,(anonymous_8)
FN:98,(anonymous_9)
FN:116,(anonymous_10)
FN:139,(anonymous_11)
FN:146,(anonymous_12)
FN:173,(anonymous_13)
FN:183,(anonymous_14)
FNF:14
FNH:14
FNDA:6,createCompany
FNDA:1,testCompanys
FNDA:1,(anonymous_3)
FNDA:1,(anonymous_4)
FNDA:1,(anonymous_5)
FNDA:1,(anonymous_6)
FNDA:1,(anonymous_7)
FNDA:1,(anonymous_8)
FNDA:1,(anonymous_9)
FNDA:1,(anonymous_10)
FNDA:1,(anonymous_11)
FNDA:1,(anonymous_12)
FNDA:1,(anonymous_13)
FNDA:1,(anonymous_14)
DA:5,1
DA:6,1
DA:7,1
DA:8,1
DA:9,1
DA:11,1
DA:15,6
DA:16,6
DA:19,1
DA:27,1
DA:37,1
DA:40,1
DA:45,1
DA:46,1
DA:47,1
DA:48,1
DA:52,1
DA:53,1
DA:54,1
DA:55,1
DA:56,1
DA:57,1
DA:58,1
DA:59,1
DA:60,1
DA:62,1
DA:63,1
DA:65,1
DA:70,1
DA:71,1
DA:74,1
DA:79,1
DA:84,1
DA:85,1
DA:88,1
DA:93,1
DA:94,1
DA:98,1
DA:99,1
DA:100,1
DA:101,1
DA:102,1
DA:103,1
DA:104,1
DA:105,1
DA:106,1
DA:108,1
DA:109,1
DA:111,1
DA:117,1
DA:118,1
DA:119,1
DA:122,1
DA:128,1
DA:134,1
DA:140,1
DA:141,1
DA:142,1
DA:146,1
DA:147,1
DA:148,1
DA:149,1
DA:150,1
DA:151,1
DA:152,1
DA:153,1
DA:154,1
DA:156,1
DA:157,1
DA:159,1
DA:164,1
DA:169,1
DA:174,1
DA:175,1
DA:179,1
DA:184,1
DA:185,1
DA:193,1
LF:78
LH:78
BRF:0
BRH:0
end_of_record
TN:
SF:src/__test__/routes_test/usersTest.ts
FN:12,testUsers
FN:14,(anonymous_2)
FN:28,(anonymous_3)
FN:38,(anonymous_4)
FN:48,(anonymous_5)
FN:59,(anonymous_6)
FN:69,(anonymous_7)
FN:79,(anonymous_8)
FN:95,(anonymous_9)
FN:101,(anonymous_10)
FN:113,(anonymous_11)
FN:123,(anonymous_12)
FN:134,(anonymous_13)
FN:146,(anonymous_14)
FN:153,(anonymous_15)
FN:164,(anonymous_16)
FN:174,(anonymous_17)
FN:184,(anonymous_18)
FN:194,(anonymous_19)
FN:205,(anonymous_20)
FNF:20
FNH:20
FNDA:1,testUsers
FNDA:1,(anonymous_2)
FNDA:1,(anonymous_3)
FNDA:1,(anonymous_4)
FNDA:1,(anonymous_5)
FNDA:1,(anonymous_6)
FNDA:1,(anonymous_7)
FNDA:1,(anonymous_8)
FNDA:1,(anonymous_9)
FNDA:1,(anonymous_10)
FNDA:1,(anonymous_11)
FNDA:1,(anonymous_12)
FNDA:1,(anonymous_13)
FNDA:1,(anonymous_14)
FNDA:1,(anonymous_15)
FNDA:1,(anonymous_16)
FNDA:1,(anonymous_17)
FNDA:1,(anonymous_18)
FNDA:1,(anonymous_19)
FNDA:1,(anonymous_20)
DA:5,1
DA:6,1
DA:7,1
DA:8,1
DA:9,1
DA:14,1
DA:18,1
DA:19,1
DA:20,1
DA:21,1
DA:24,1
DA:29,1
DA:30,1
DA:34,1
DA:39,1
DA:40,1
DA:44,1
DA:49,1
DA:50,1
DA:54,1
DA:59,1
DA:60,1
DA:61,1
DA:62,1
DA:65,1
DA:70,1
DA:71,1
DA:75,1
DA:80,1
DA:81,1
DA:85,1
DA:91,1
DA:96,1
DA:97,1
DA:101,1
DA:102,1
DA:103,1
DA:104,1
DA:105,1
DA:108,1
DA:114,1
DA:118,1
DA:124,1
DA:125,1
DA:126,1
DA:129,1
DA:135,1
DA:136,1
DA:137,1
DA:141,1
DA:147,1
DA:148,1
DA:153,1
DA:154,1
DA:155,1
DA:156,1
DA:157,1
DA:160,1
DA:165,1
DA:166,1
DA:170,1
DA:175,1
DA:176,1
DA:180,1
DA:185,1
DA:186,1
DA:190,1
DA:195,1
DA:196,1
DA:197,1
DA:201,1
DA:206,1
DA:207,1
DA:208,1
DA:214,1
LF:75
LH:75
BRF:0
BRH:0
end_of_record
TN:
SF:src/helpers/encryption.ts
FN:8,encryptPassword
FN:12,checkPassword
FN:16,generateAccessToken
FNF:3
FNH:1
FNDA:0,encryptPassword
FNDA:0,checkPassword
FNDA:23,generateAccessToken
DA:5,1
DA:6,1
DA:9,0
DA:13,0
DA:17,23
DA:20,1
LF:6
LH:4
BRF:0
BRH:0
end_of_record
TN:
SF:src/middleWare/authorization.ts
FN:7,authenticateToken
FN:13,(anonymous_7)
FNF:2
FNH:2
FNDA:33,authenticateToken
FNDA:32,(anonymous_7)
DA:5,1
DA:8,33
DA:9,33
DA:11,33
DA:13,32
DA:15,32
DA:17,32
DA:18,32
DA:22,1
LF:9
LH:9
BRDA:9,0,0,33
BRDA:9,0,1,32
BRDA:11,1,0,1
BRDA:15,2,0,0
BRF:4
BRH:3
end_of_record
TN:
SF:src/middleWare/checkCompany.ts
FN:6,checkCompany
FNF:1
FNH:1
FNDA:10,checkCompany
DA:7,10
DA:9,3
DA:13,1
LF:3
LH:3
BRDA:7,0,0,7
BRDA:7,0,1,3
BRDA:7,1,0,10
BRDA:7,1,1,7
BRF:4
BRH:4
end_of_record
TN:
SF:src/middleWare/permissionLevel.ts
FN:8,permissionLevel
FNF:1
FNH:1
FNDA:21,permissionLevel
DA:9,21
DA:10,16
DA:11,15
DA:14,1
LF:4
LH:4
BRDA:9,0,0,5
BRDA:9,0,1,16
BRDA:10,1,0,1
BRDA:10,1,1,15
BRDA:10,2,0,16
BRDA:10,2,1,2
BRF:6
BRH:6
end_of_record
TN:
SF:src/middleWare/setCompany.ts
FN:7,setCompany
FNF:1
FNH:1
FNDA:2,setCompany
DA:8,2
DA:10,2
DA:11,2
DA:15,1
LF:4
LH:4
BRDA:8,0,0,0
BRDA:8,0,1,2
BRDA:8,1,0,2
BRDA:8,1,1,0
BRF:4
BRH:2
end_of_record
TN:
SF:src/models/company.ts
FNF:0
FNH:0
DA:5,1
DA:12,1
DA:28,1
DA:30,1
LF:4
LH:4
BRF:0
BRH:0
end_of_record
TN:
SF:src/models/user.ts
FN:59,(anonymous_1)
FN:65,(anonymous_2)
FN:71,(anonymous_3)
FNF:3
FNH:2
FNDA:30,(anonymous_1)
FNDA:0,(anonymous_2)
FNDA:23,(anonymous_3)
DA:6,1
DA:7,1
DA:18,1
DA:20,1
DA:59,1
DA:60,30
DA:61,30
DA:62,30
DA:65,1
DA:66,0
DA:67,0
DA:68,0
DA:71,1
DA:72,23
DA:73,23
DA:76,1
DA:78,1
LF:17
LH:14
BRDA:60,0,0,0
BRF:1
BRH:0
end_of_record
TN:
SF:src/router/auth.ts
FN:16,(anonymous_1)
FN:17,(anonymous_2)
FN:22,(anonymous_3)
FN:23,(anonymous_4)
FNF:4
FNH:4
FNDA:2,(anonymous_1)
FNDA:2,(anonymous_2)
FNDA:23,(anonymous_3)
FNDA:23,(anonymous_4)
DA:5,1
DA:6,1
DA:8,1
DA:9,1
DA:10,1
DA:12,1
DA:14,1
DA:16,1
DA:17,2
DA:18,2
DA:22,1
DA:23,23
DA:24,23
DA:25,23
DA:26,23
DA:29,0
DA:34,1
LF:17
LH:16
BRDA:24,0,0,23
BRDA:24,0,1,0
BRDA:24,1,0,23
BRDA:24,1,1,23
BRF:4
BRH:3
end_of_record
TN:
SF:src/router/company.ts
FN:15,(anonymous_1)
FN:16,(anonymous_2)
FN:21,(anonymous_3)
FN:22,(anonymous_4)
FN:28,(anonymous_5)
FN:30,(anonymous_6)
FN:31,(anonymous_7)
FN:38,(anonymous_8)
FN:39,(anonymous_9)
FNF:9
FNH:9
FNDA:1,(anonymous_1)
FNDA:1,(anonymous_2)
FNDA:3,(anonymous_3)
FNDA:3,(anonymous_4)
FNDA:2,(anonymous_5)
FNDA:2,(anonymous_6)
FNDA:2,(anonymous_7)
FNDA:2,(anonymous_8)
FNDA:2,(anonymous_9)
DA:5,1
DA:6,1
DA:8,1
DA:9,1
DA:10,1
DA:12,1
DA:15,1
DA:16,1
DA:17,1
DA:21,1
DA:22,3
DA:23,3
DA:24,3
DA:28,1
DA:29,2
DA:31,2
DA:32,2
DA:33,2
DA:38,1
DA:39,2
DA:40,2
DA:41,2
DA:45,1
LF:23
LH:23
BRDA:23,0,0,0
BRDA:23,0,1,3
BRDA:32,1,0,0
BRDA:32,1,1,2
BRDA:40,2,0,0
BRDA:40,2,1,2
BRF:6
BRH:3
end_of_record
TN:
SF:src/router/users.ts
FN:14,(anonymous_1)
FN:18,(anonymous_2)
FN:23,(anonymous_3)
FN:27,(anonymous_4)
FN:33,(anonymous_5)
FN:38,(anonymous_6)
FN:39,(anonymous_7)
FN:46,(anonymous_8)
FN:50,(anonymous_9)
FN:54,(anonymous_10)
FNF:10
FNH:10
FNDA:3,(anonymous_1)
FNDA:3,(anonymous_2)
FNDA:4,(anonymous_3)
FNDA:4,(anonymous_4)
FNDA:3,(anonymous_5)
FNDA:3,(anonymous_6)
FNDA:3,(anonymous_7)
FNDA:4,(anonymous_8)
FNDA:4,(anonymous_9)
FNDA:2,(anonymous_10)
DA:5,1
DA:6,1
DA:8,1
DA:9,1
DA:10,1
DA:12,1
DA:14,1
DA:16,3
DA:18,3
DA:19,3
DA:23,1
DA:25,4
DA:27,4
DA:28,4
DA:29,1
DA:33,1
DA:35,3
DA:37,3
DA:38,3
DA:39,3
DA:40,3
DA:41,1
DA:46,1
DA:48,4
DA:50,4
DA:51,4
DA:52,3
DA:54,2
DA:55,2
DA:61,1
LF:30
LH:30
BRDA:16,0,0,1
BRDA:16,0,1,2
BRDA:25,1,0,1
BRDA:25,1,1,3
BRDA:28,2,0,3
BRDA:28,2,1,1
BRDA:35,3,0,1
BRDA:35,3,1,2
BRDA:37,4,0,0
BRDA:40,5,0,2
BRDA:40,5,1,1
BRDA:48,6,0,1
BRDA:48,6,1,3
BRDA:51,7,0,1
BRDA:51,7,1,3
BRDA:52,8,0,1
BRDA:52,8,1,2
BRF:17
BRH:16
end_of_record
